2025-03-23 11:21:54,242 - nli_logger_advanced-sbert - INFO - Initialized NLI logger for model: advanced-sbert
2025-03-23 11:21:54,242 - nli_logger_advanced-sbert - INFO - Hyperparameters:
2025-03-23 11:21:54,242 - nli_logger_advanced-sbert - INFO -   base_model: firqaaa/indo-sentence-bert-base
2025-03-23 11:21:54,242 - nli_logger_advanced-sbert - INFO -   pooling_mode: mean_pooling
2025-03-23 11:21:54,242 - nli_logger_advanced-sbert - INFO -   classifier_hidden_sizes: 512,256
2025-03-23 11:21:54,242 - nli_logger_advanced-sbert - INFO -   dropout: 0.2
2025-03-23 11:21:54,242 - nli_logger_advanced-sbert - INFO -   use_cross_attention: False
2025-03-23 11:21:54,242 - nli_logger_advanced-sbert - INFO -   batch_size: 16
2025-03-23 11:21:54,242 - nli_logger_advanced-sbert - INFO -   num_epochs: 5
2025-03-23 11:21:54,242 - nli_logger_advanced-sbert - INFO -   learning_rate: 2e-05
2025-03-23 11:21:54,242 - nli_logger_advanced-sbert - INFO -   weight_decay: 0.01
2025-03-23 11:21:54,243 - nli_logger_advanced-sbert - INFO -   adam_epsilon: 1e-08
2025-03-23 11:21:54,243 - nli_logger_advanced-sbert - INFO -   max_grad_norm: 1.0
2025-03-23 11:21:54,243 - nli_logger_advanced-sbert - INFO -   max_length: 128
2025-03-23 11:21:54,243 - nli_logger_advanced-sbert - INFO -   warmup_ratio: 0.06
2025-03-23 11:21:54,243 - nli_logger_advanced-sbert - INFO -   output_dir: ./model_comparison_20250323_112053/advanced
2025-03-23 11:21:54,243 - nli_logger_advanced-sbert - INFO -   seed: 42
2025-03-23 11:21:54,243 - nli_logger_advanced-sbert - INFO -   use_new_logger: True
2025-03-23 11:21:54,330 - nli_logger_advanced-sbert - INFO - Using device: cuda
/home/jupyter-23522029/.local/lib/python3.10/site-packages/transformers/tokenization_utils_base.py:1601: FutureWarning: `clean_up_tokenization_spaces` was not set. It will be set to `True` by default. This behavior will be depracted in transformers v4.45, and will be then set to `False` by default. For more details check this issue: https://github.com/huggingface/transformers/issues/31884
  warnings.warn(
2025-03-23 11:21:54,718 - nli_logger_advanced-sbert - INFO - Loaded tokenizer from firqaaa/indo-sentence-bert-base
2025-03-23 11:21:56,764 - nli_logger_advanced-sbert - INFO - Created model with architecture: SBERTAdvancedModel
2025-03-23 11:21:56,764 - nli_logger_advanced-sbert - INFO - Pooling mode: mean_pooling
2025-03-23 11:21:56,764 - nli_logger_advanced-sbert - INFO - Classifier hidden sizes: 512,256
2025-03-23 11:21:56,764 - nli_logger_advanced-sbert - INFO - Using cross-attention: False
2025-03-23 11:21:56,764 - nli_logger_advanced-sbert - INFO - Loading IndoNLI dataset from Hugging Face
Using the latest cached version of the module from /home/jupyter-23522029/.cache/huggingface/modules/datasets_modules/datasets/indonli/d34041bd1d1a555a4bcb4ffdb9fe904778da6f7c5343209fc1485dd68121cb62 (last modified on Sun Mar 23 05:37:35 2025) since it couldn't be found locally at indonli, or remotely on the Hugging Face Hub.
2025-03-23 11:22:24,252 - nli_logger_advanced-sbert - INFO - Dataset statistics:
2025-03-23 11:22:24,252 - nli_logger_advanced-sbert - INFO -   train: 10330 examples
2025-03-23 11:22:24,577 - nli_logger_advanced-sbert - INFO -     contradiction: 3439 examples (33.3%)
2025-03-23 11:22:24,577 - nli_logger_advanced-sbert - INFO -     entailment: 3476 examples (33.6%)
2025-03-23 11:22:24,577 - nli_logger_advanced-sbert - INFO -     neutral: 3415 examples (33.1%)
2025-03-23 11:22:24,578 - nli_logger_advanced-sbert - INFO -   validation: 2197 examples
2025-03-23 11:22:24,680 - nli_logger_advanced-sbert - INFO -     contradiction: 749 examples (34.1%)
2025-03-23 11:22:24,680 - nli_logger_advanced-sbert - INFO -     neutral: 641 examples (29.2%)
2025-03-23 11:22:24,680 - nli_logger_advanced-sbert - INFO -     entailment: 807 examples (36.7%)
2025-03-23 11:22:24,680 - nli_logger_advanced-sbert - INFO -   test_lay: 2201 examples
2025-03-23 11:22:24,780 - nli_logger_advanced-sbert - INFO -     neutral: 629 examples (28.6%)
2025-03-23 11:22:24,780 - nli_logger_advanced-sbert - INFO -     entailment: 808 examples (36.7%)
2025-03-23 11:22:24,780 - nli_logger_advanced-sbert - INFO -     contradiction: 764 examples (34.7%)
2025-03-23 11:22:24,780 - nli_logger_advanced-sbert - INFO -   test_expert: 2984 examples
2025-03-23 11:22:24,904 - nli_logger_advanced-sbert - INFO -     contradiction: 999 examples (33.5%)
2025-03-23 11:22:24,904 - nli_logger_advanced-sbert - INFO -     entailment: 1041 examples (34.9%)
2025-03-23 11:22:24,904 - nli_logger_advanced-sbert - INFO -     neutral: 944 examples (31.6%)
/home/jupyter-23522029/.local/lib/python3.10/site-packages/transformers/optimization.py:591: FutureWarning: This implementation of AdamW is deprecated and will be removed in a future version. Use the PyTorch implementation torch.optim.AdamW instead, or set `no_deprecation_warning=True` to disable this warning
  warnings.warn(
2025-03-23 11:22:25,482 - nli_logger_advanced-sbert - INFO - Number of training examples: 10330
2025-03-23 11:22:25,482 - nli_logger_advanced-sbert - INFO - Number of validation examples: 2197
2025-03-23 11:22:25,482 - nli_logger_advanced-sbert - INFO - Number of test_lay examples: 2201
2025-03-23 11:22:25,482 - nli_logger_advanced-sbert - INFO - Number of test_expert examples: 2984
2025-03-23 11:22:25,482 - nli_logger_advanced-sbert - INFO - Batch size: 16
2025-03-23 11:22:25,482 - nli_logger_advanced-sbert - INFO - Total steps: 3230
2025-03-23 11:22:25,482 - nli_logger_advanced-sbert - INFO - Warmup steps: 193
2025-03-23 11:22:25,483 - nli_logger_advanced-sbert - INFO - Starting training for 5 epochs
Random seed set to 42
Epoch 1/5:   0%|                                                                                                                                                                                                                                                       | 0/646 [00:00<?, ?it/s]You're using a BertTokenizerFast tokenizer. Please note that with a fast tokenizer, using the `__call__` method is faster than using a method to encode the text followed by a call to the `pad` method to get a padded encoding.
/home/jupyter-23522029/.local/lib/python3.10/site-packages/transformers/tokenization_utils_base.py:2888: UserWarning: `max_length` is ignored when `padding`=`True` and there is no truncation strategy. To pad to max length, use `padding='max_length'`.
  warnings.warn(
2025-03-23 11:22:25,542 - nli_logger_advanced-sbert - WARNING - Skipping batch with invalid labels: tensor([-1, -1, -1, -1, -1, -1, -1, -1, -1, -1, -1, -1, -1, -1, -1, -1],
       device='cuda:0')
2025-03-23 11:22:25,550 - nli_logger_advanced-sbert - WARNING - Skipping batch with invalid labels: tensor([-1, -1, -1, -1, -1, -1, -1, -1, -1, -1, -1, -1, -1, -1, -1, -1],
       device='cuda:0')
2025-03-23 11:22:25,557 - nli_logger_advanced-sbert - WARNING - Skipping batch with invalid labels: tensor([-1, -1, -1, -1, -1, -1, -1, -1, -1, -1, -1, -1, -1, -1, -1, -1],
       device='cuda:0')
2025-03-23 11:22:25,566 - nli_logger_advanced-sbert - WARNING - Skipping batch with invalid labels: tensor([-1, -1, -1, -1, -1, -1, -1, -1, -1, -1, -1, -1, -1, -1, -1, -1],
       device='cuda:0')
2025-03-23 11:22:25,574 - nli_logger_advanced-sbert - WARNING - Skipping batch with invalid labels: tensor([-1, -1, -1, -1, -1, -1, -1, -1, -1, -1, -1, -1, -1, -1, -1, -1],
       device='cuda:0')
2025-03-23 11:22:25,582 - nli_logger_advanced-sbert - WARNING - Skipping batch with invalid labels: tensor([-1, -1, -1, -1, -1, -1, -1, -1, -1, -1, -1, -1, -1, -1, -1, -1],
       device='cuda:0')
2025-03-23 11:22:25,589 - nli_logger_advanced-sbert - WARNING - Skipping batch with invalid labels: tensor([-1, -1, -1, -1, -1, -1, -1, -1, -1, -1, -1, -1, -1, -1, -1, -1],
       device='cuda:0')
Epoch 1/5:   1%|██▌                                                                                                                                                                                                                                            | 7/646 [00:00<00:09, 66.76it/s]2025-03-23 11:22:25,597 - nli_logger_advanced-sbert - WARNING - Skipping batch with invalid labels: tensor([-1, -1, -1, -1, -1, -1, -1, -1, -1, -1, -1, -1, -1, -1, -1, -1],
       device='cuda:0')
2025-03-23 11:22:25,605 - nli_logger_advanced-sbert - WARNING - Skipping batch with invalid labels: tensor([-1, -1, -1, -1, -1, -1, -1, -1, -1, -1, -1, -1, -1, -1, -1, -1],
       device='cuda:0')
2025-03-23 11:22:25,612 - nli_logger_advanced-sbert - WARNING - Skipping batch with invalid labels: tensor([-1, -1, -1, -1, -1, -1, -1, -1, -1, -1, -1, -1, -1, -1, -1, -1],
       device='cuda:0')
2025-03-23 11:22:25,621 - nli_logger_advanced-sbert - WARNING - Skipping batch with invalid labels: tensor([-1, -1, -1, -1, -1, -1, -1, -1, -1, -1, -1, -1, -1, -1, -1, -1],
       device='cuda:0')
2025-03-23 11:22:25,631 - nli_logger_advanced-sbert - WARNING - Skipping batch with invalid labels: tensor([-1, -1, -1, -1, -1, -1, -1, -1, -1, -1, -1, -1, -1, -1, -1, -1],
       device='cuda:0')
2025-03-23 11:22:25,639 - nli_logger_advanced-sbert - WARNING - Skipping batch with invalid labels: tensor([-1, -1, -1, -1, -1, -1, -1, -1, -1, -1, -1, -1, -1, -1, -1, -1],
       device='cuda:0')
2025-03-23 11:22:25,646 - nli_logger_advanced-sbert - WARNING - Skipping batch with invalid labels: tensor([-1, -1, -1, -1, -1, -1, -1, -1, -1, -1, -1, -1, -1, -1, -1, -1],
       device='cuda:0')
2025-03-23 11:22:25,653 - nli_logger_advanced-sbert - WARNING - Skipping batch with invalid labels: tensor([-1, -1, -1, -1, -1, -1, -1, -1, -1, -1, -1, -1, -1, -1, -1, -1],
       device='cuda:0')
2025-03-23 11:22:25,660 - nli_logger_advanced-sbert - WARNING - Skipping batch with invalid labels: tensor([-1, -1, -1, -1, -1, -1, -1, -1, -1, -1, -1, -1, -1, -1, -1, -1],
       device='cuda:0')
2025-03-23 11:22:25,668 - nli_logger_advanced-sbert - WARNING - Skipping batch with invalid labels: tensor([-1, -1, -1, -1, -1, -1, -1, -1, -1, -1, -1, -1, -1, -1, -1, -1],
       device='cuda:0')
2025-03-23 11:22:25,675 - nli_logger_advanced-sbert - WARNING - Skipping batch with invalid labels: tensor([-1, -1, -1, -1, -1, -1, -1, -1, -1, -1, -1, -1, -1, -1, -1, -1],
       device='cuda:0')
2025-03-23 11:22:25,683 - nli_logger_advanced-sbert - WARNING - Skipping batch with invalid labels: tensor([-1, -1, -1, -1, -1, -1, -1, -1, -1, -1, -1, -1, -1, -1, -1, -1],
       device='cuda:0')
2025-03-23 11:22:25,693 - nli_logger_advanced-sbert - WARNING - Skipping batch with invalid labels: tensor([-1, -1, -1, -1, -1, -1, -1, -1, -1, -1, -1, -1, -1, -1, -1, -1],
       device='cuda:0')
Epoch 1/5:   3%|███████▎                                                                                                                                                                                                                                     | 20/646 [00:00<00:06, 101.21it/s]2025-03-23 11:22:25,701 - nli_logger_advanced-sbert - WARNING - Skipping batch with invalid labels: tensor([-1, -1, -1, -1, -1, -1, -1, -1, -1, -1, -1, -1, -1, -1, -1, -1],
       device='cuda:0')
2025-03-23 11:22:25,709 - nli_logger_advanced-sbert - WARNING - Skipping batch with invalid labels: tensor([-1, -1, -1, -1, -1, -1, -1, -1, -1, -1, -1, -1, -1, -1, -1, -1],
       device='cuda:0')
2025-03-23 11:22:25,716 - nli_logger_advanced-sbert - WARNING - Skipping batch with invalid labels: tensor([-1, -1, -1, -1, -1, -1, -1, -1, -1, -1, -1, -1, -1, -1, -1, -1],
       device='cuda:0')
2025-03-23 11:22:25,725 - nli_logger_advanced-sbert - WARNING - Skipping batch with invalid labels: tensor([-1, -1, -1, -1, -1, -1, -1, -1, -1, -1, -1, -1, -1, -1, -1, -1],
       device='cuda:0')
2025-03-23 11:22:25,733 - nli_logger_advanced-sbert - WARNING - Skipping batch with invalid labels: tensor([-1, -1, -1, -1, -1, -1, -1, -1, -1, -1, -1, -1, -1, -1, -1, -1],
       device='cuda:0')
2025-03-23 11:22:25,742 - nli_logger_advanced-sbert - WARNING - Skipping batch with invalid labels: tensor([-1, -1, -1, -1, -1, -1, -1, -1, -1, -1, -1, -1, -1, -1, -1, -1],
       device='cuda:0')
2025-03-23 11:22:25,750 - nli_logger_advanced-sbert - WARNING - Skipping batch with invalid labels: tensor([-1, -1, -1, -1, -1, -1, -1, -1, -1, -1, -1, -1, -1, -1, -1, -1],
       device='cuda:0')
2025-03-23 11:22:25,758 - nli_logger_advanced-sbert - WARNING - Skipping batch with invalid labels: tensor([-1, -1, -1, -1, -1, -1, -1, -1, -1, -1, -1, -1, -1, -1, -1, -1],
       device='cuda:0')
2025-03-23 11:22:25,766 - nli_logger_advanced-sbert - WARNING - Skipping batch with invalid labels: tensor([-1, -1, -1, -1, -1, -1, -1, -1, -1, -1, -1, -1, -1, -1, -1, -1],
       device='cuda:0')
2025-03-23 11:22:25,777 - nli_logger_advanced-sbert - WARNING - Skipping batch with invalid labels: tensor([-1, -1, -1, -1, -1, -1, -1, -1, -1, -1, -1, -1, -1, -1, -1, -1],
       device='cuda:0')
2025-03-23 11:22:25,787 - nli_logger_advanced-sbert - WARNING - Skipping batch with invalid labels: tensor([-1, -1, -1, -1, -1, -1, -1, -1, -1, -1, -1, -1, -1, -1, -1, -1],
       device='cuda:0')
2025-03-23 11:22:25,797 - nli_logger_advanced-sbert - WARNING - Skipping batch with invalid labels: tensor([-1, -1, -1, -1, -1, -1, -1, -1, -1, -1, -1, -1, -1, -1, -1, -1],
       device='cuda:0')
Epoch 1/5:   5%|███████████▋                                                                                                                                                                                                                                 | 32/646 [00:00<00:05, 107.60it/s]2025-03-23 11:22:25,806 - nli_logger_advanced-sbert - WARNING - Skipping batch with invalid labels: tensor([-1, -1, -1, -1, -1, -1, -1, -1, -1, -1, -1, -1, -1, -1, -1, -1],
       device='cuda:0')
2025-03-23 11:22:25,814 - nli_logger_advanced-sbert - WARNING - Skipping batch with invalid labels: tensor([-1, -1, -1, -1, -1, -1, -1, -1, -1, -1, -1, -1, -1, -1, -1, -1],
       device='cuda:0')
2025-03-23 11:22:25,821 - nli_logger_advanced-sbert - WARNING - Skipping batch with invalid labels: tensor([-1, -1, -1, -1, -1, -1, -1, -1, -1, -1, -1, -1, -1, -1, -1, -1],
       device='cuda:0')
2025-03-23 11:22:25,829 - nli_logger_advanced-sbert - WARNING - Skipping batch with invalid labels: tensor([-1, -1, -1, -1, -1, -1, -1, -1, -1, -1, -1, -1, -1, -1, -1, -1],
       device='cuda:0')
2025-03-23 11:22:25,836 - nli_logger_advanced-sbert - WARNING - Skipping batch with invalid labels: tensor([-1, -1, -1, -1, -1, -1, -1, -1, -1, -1, -1, -1, -1, -1, -1, -1],
       device='cuda:0')
2025-03-23 11:22:25,844 - nli_logger_advanced-sbert - WARNING - Skipping batch with invalid labels: tensor([-1, -1, -1, -1, -1, -1, -1, -1, -1, -1, -1, -1, -1, -1, -1, -1],
       device='cuda:0')
2025-03-23 11:22:25,852 - nli_logger_advanced-sbert - WARNING - Skipping batch with invalid labels: tensor([-1, -1, -1, -1, -1, -1, -1, -1, -1, -1, -1, -1, -1, -1, -1, -1],
       device='cuda:0')
2025-03-23 11:22:25,859 - nli_logger_advanced-sbert - WARNING - Skipping batch with invalid labels: tensor([-1, -1, -1, -1, -1, -1, -1, -1, -1, -1, -1, -1, -1, -1, -1, -1],
       device='cuda:0')
2025-03-23 11:22:25,866 - nli_logger_advanced-sbert - WARNING - Skipping batch with invalid labels: tensor([-1, -1, -1, -1, -1, -1, -1, -1, -1, -1, -1, -1, -1, -1, -1, -1],
       device='cuda:0')
2025-03-23 11:22:25,873 - nli_logger_advanced-sbert - WARNING - Skipping batch with invalid labels: tensor([-1, -1, -1, -1, -1, -1, -1, -1, -1, -1, -1, -1, -1, -1, -1, -1],
       device='cuda:0')
2025-03-23 11:22:25,881 - nli_logger_advanced-sbert - WARNING - Skipping batch with invalid labels: tensor([-1, -1, -1, -1, -1, -1, -1, -1, -1, -1, -1, -1, -1, -1, -1, -1],
       device='cuda:0')
2025-03-23 11:22:25,887 - nli_logger_advanced-sbert - WARNING - Skipping batch with invalid labels: tensor([-1, -1, -1, -1, -1, -1, -1, -1, -1, -1, -1, -1, -1, -1, -1, -1],
       device='cuda:0')
2025-03-23 11:22:25,896 - nli_logger_advanced-sbert - WARNING - Skipping batch with invalid labels: tensor([-1, -1, -1, -1, -1, -1, -1, -1, -1, -1, -1, -1, -1, -1, -1, -1],
       device='cuda:0')
2025-03-23 11:22:25,906 - nli_logger_advanced-sbert - WARNING - Skipping batch with invalid labels: tensor([-1, -1, -1, -1, -1, -1, -1, -1, -1, -1, -1, -1, -1, -1, -1, -1],
       device='cuda:0')
Epoch 1/5:   7%|████████████████▉                                                                                                                                                                                                                            | 46/646 [00:00<00:05, 116.15it/s]2025-03-23 11:22:25,915 - nli_logger_advanced-sbert - WARNING - Skipping batch with invalid labels: tensor([-1, -1, -1, -1, -1, -1, -1, -1, -1, -1, -1, -1, -1, -1, -1, -1],
       device='cuda:0')
2025-03-23 11:22:25,923 - nli_logger_advanced-sbert - WARNING - Skipping batch with invalid labels: tensor([-1, -1, -1, -1, -1, -1, -1, -1, -1, -1, -1, -1, -1, -1, -1, -1],
       device='cuda:0')
2025-03-23 11:22:25,930 - nli_logger_advanced-sbert - WARNING - Skipping batch with invalid labels: tensor([-1, -1, -1, -1, -1, -1, -1, -1, -1, -1, -1, -1, -1, -1, -1, -1],
       device='cuda:0')
2025-03-23 11:22:25,938 - nli_logger_advanced-sbert - WARNING - Skipping batch with invalid labels: tensor([-1, -1, -1, -1, -1, -1, -1, -1, -1, -1, -1, -1, -1, -1, -1, -1],
       device='cuda:0')
2025-03-23 11:22:25,945 - nli_logger_advanced-sbert - WARNING - Skipping batch with invalid labels: tensor([-1, -1, -1, -1, -1, -1, -1, -1, -1, -1, -1, -1, -1, -1, -1, -1],
       device='cuda:0')
2025-03-23 11:22:25,953 - nli_logger_advanced-sbert - WARNING - Skipping batch with invalid labels: tensor([-1, -1, -1, -1, -1, -1, -1, -1, -1, -1, -1, -1, -1, -1, -1, -1],
       device='cuda:0')
2025-03-23 11:22:25,961 - nli_logger_advanced-sbert - WARNING - Skipping batch with invalid labels: tensor([-1, -1, -1, -1, -1, -1, -1, -1, -1, -1, -1, -1, -1, -1, -1, -1],
       device='cuda:0')
2025-03-23 11:22:25,968 - nli_logger_advanced-sbert - WARNING - Skipping batch with invalid labels: tensor([-1, -1, -1, -1, -1, -1, -1, -1, -1, -1, -1, -1, -1, -1, -1, -1],
       device='cuda:0')
2025-03-23 11:22:25,976 - nli_logger_advanced-sbert - WARNING - Skipping batch with invalid labels: tensor([-1, -1, -1, -1, -1, -1, -1, -1, -1, -1, -1, -1, -1, -1, -1, -1],
       device='cuda:0')
2025-03-23 11:22:25,983 - nli_logger_advanced-sbert - WARNING - Skipping batch with invalid labels: tensor([-1, -1, -1, -1, -1, -1, -1, -1, -1, -1, -1, -1, -1, -1, -1, -1],
       device='cuda:0')
2025-03-23 11:22:25,991 - nli_logger_advanced-sbert - WARNING - Skipping batch with invalid labels: tensor([-1, -1, -1, -1, -1, -1, -1, -1, -1, -1, -1, -1, -1, -1, -1, -1],
       device='cuda:0')
2025-03-23 11:22:25,999 - nli_logger_advanced-sbert - WARNING - Skipping batch with invalid labels: tensor([-1, -1, -1, -1, -1, -1, -1, -1, -1, -1, -1, -1, -1, -1, -1, -1],
       device='cuda:0')
2025-03-23 11:22:26,010 - nli_logger_advanced-sbert - WARNING - Skipping batch with invalid labels: tensor([-1, -1, -1, -1, -1, -1, -1, -1, -1, -1, -1, -1, -1, -1, -1, -1],
       device='cuda:0')
Epoch 1/5:   9%|█████████████████████▋                                                                                                                                                                                                                       | 59/646 [00:00<00:04, 119.08it/s]2025-03-23 11:22:26,020 - nli_logger_advanced-sbert - WARNING - Skipping batch with invalid labels: tensor([-1, -1, -1, -1, -1, -1, -1, -1, -1, -1, -1, -1, -1, -1, -1, -1],
       device='cuda:0')
2025-03-23 11:22:26,028 - nli_logger_advanced-sbert - WARNING - Skipping batch with invalid labels: tensor([-1, -1, -1, -1, -1, -1, -1, -1, -1, -1, -1, -1, -1, -1, -1, -1],
       device='cuda:0')
2025-03-23 11:22:26,039 - nli_logger_advanced-sbert - WARNING - Skipping batch with invalid labels: tensor([-1, -1, -1, -1, -1, -1, -1, -1, -1, -1, -1, -1, -1, -1, -1, -1],
       device='cuda:0')
2025-03-23 11:22:26,047 - nli_logger_advanced-sbert - WARNING - Skipping batch with invalid labels: tensor([-1, -1, -1, -1, -1, -1, -1, -1, -1, -1, -1, -1, -1, -1, -1, -1],
       device='cuda:0')
2025-03-23 11:22:26,055 - nli_logger_advanced-sbert - WARNING - Skipping batch with invalid labels: tensor([-1, -1, -1, -1, -1, -1, -1, -1, -1, -1, -1, -1, -1, -1, -1, -1],
       device='cuda:0')
2025-03-23 11:22:26,062 - nli_logger_advanced-sbert - WARNING - Skipping batch with invalid labels: tensor([-1, -1, -1, -1, -1, -1, -1, -1, -1, -1, -1, -1, -1, -1, -1, -1],
       device='cuda:0')
2025-03-23 11:22:26,069 - nli_logger_advanced-sbert - WARNING - Skipping batch with invalid labels: tensor([-1, -1, -1, -1, -1, -1, -1, -1, -1, -1, -1, -1, -1, -1, -1, -1],
       device='cuda:0')
2025-03-23 11:22:26,076 - nli_logger_advanced-sbert - WARNING - Skipping batch with invalid labels: tensor([-1, -1, -1, -1, -1, -1, -1, -1, -1, -1, -1, -1, -1, -1, -1, -1],
       device='cuda:0')
2025-03-23 11:22:26,083 - nli_logger_advanced-sbert - WARNING - Skipping batch with invalid labels: tensor([-1, -1, -1, -1, -1, -1, -1, -1, -1, -1, -1, -1, -1, -1, -1, -1],
       device='cuda:0')
2025-03-23 11:22:26,090 - nli_logger_advanced-sbert - WARNING - Skipping batch with invalid labels: tensor([-1, -1, -1, -1, -1, -1, -1, -1, -1, -1, -1, -1, -1, -1, -1, -1],
       device='cuda:0')
2025-03-23 11:22:26,100 - nli_logger_advanced-sbert - WARNING - Skipping batch with invalid labels: tensor([-1, -1, -1, -1, -1, -1, -1, -1, -1, -1, -1, -1, -1, -1, -1, -1],
       device='cuda:0')
2025-03-23 11:22:26,108 - nli_logger_advanced-sbert - WARNING - Skipping batch with invalid labels: tensor([-1, -1, -1, -1, -1, -1, -1, -1, -1, -1, -1, -1, -1, -1, -1, -1],
       device='cuda:0')
2025-03-23 11:22:26,115 - nli_logger_advanced-sbert - WARNING - Skipping batch with invalid labels: tensor([-1, -1, -1, -1, -1, -1, -1, -1, -1, -1, -1, -1, -1, -1, -1, -1],
       device='cuda:0')
Epoch 1/5:  11%|██████████████████████████▍                                                                                                                                                                                                                  | 72/646 [00:00<00:04, 120.60it/s]2025-03-23 11:22:26,123 - nli_logger_advanced-sbert - WARNING - Skipping batch with invalid labels: tensor([-1, -1, -1, -1, -1, -1, -1, -1, -1, -1, -1, -1, -1, -1, -1, -1],
       device='cuda:0')
2025-03-23 11:22:26,131 - nli_logger_advanced-sbert - WARNING - Skipping batch with invalid labels: tensor([-1, -1, -1, -1, -1, -1, -1, -1, -1, -1, -1, -1, -1, -1, -1, -1],
       device='cuda:0')
2025-03-23 11:22:26,138 - nli_logger_advanced-sbert - WARNING - Skipping batch with invalid labels: tensor([-1, -1, -1, -1, -1, -1, -1, -1, -1, -1, -1, -1, -1, -1, -1, -1],
       device='cuda:0')
2025-03-23 11:22:26,146 - nli_logger_advanced-sbert - WARNING - Skipping batch with invalid labels: tensor([-1, -1, -1, -1, -1, -1, -1, -1, -1, -1, -1, -1, -1, -1, -1, -1],
       device='cuda:0')
2025-03-23 11:22:26,153 - nli_logger_advanced-sbert - WARNING - Skipping batch with invalid labels: tensor([-1, -1, -1, -1, -1, -1, -1, -1, -1, -1, -1, -1, -1, -1, -1, -1],
       device='cuda:0')
2025-03-23 11:22:26,162 - nli_logger_advanced-sbert - WARNING - Skipping batch with invalid labels: tensor([-1, -1, -1, -1, -1, -1, -1, -1, -1, -1, -1, -1, -1, -1, -1, -1],
       device='cuda:0')
2025-03-23 11:22:26,169 - nli_logger_advanced-sbert - WARNING - Skipping batch with invalid labels: tensor([-1, -1, -1, -1, -1, -1, -1, -1, -1, -1, -1, -1, -1, -1, -1, -1],
       device='cuda:0')
2025-03-23 11:22:26,176 - nli_logger_advanced-sbert - WARNING - Skipping batch with invalid labels: tensor([-1, -1, -1, -1, -1, -1, -1, -1, -1, -1, -1, -1, -1, -1, -1, -1],
       device='cuda:0')
2025-03-23 11:22:26,185 - nli_logger_advanced-sbert - WARNING - Skipping batch with invalid labels: tensor([-1, -1, -1, -1, -1, -1, -1, -1, -1, -1, -1, -1, -1, -1, -1, -1],
       device='cuda:0')
2025-03-23 11:22:26,193 - nli_logger_advanced-sbert - WARNING - Skipping batch with invalid labels: tensor([-1, -1, -1, -1, -1, -1, -1, -1, -1, -1, -1, -1, -1, -1, -1, -1],
       device='cuda:0')
2025-03-23 11:22:26,200 - nli_logger_advanced-sbert - WARNING - Skipping batch with invalid labels: tensor([-1, -1, -1, -1, -1, -1, -1, -1, -1, -1, -1, -1, -1, -1, -1, -1],
       device='cuda:0')
2025-03-23 11:22:26,208 - nli_logger_advanced-sbert - WARNING - Skipping batch with invalid labels: tensor([-1, -1, -1, -1, -1, -1, -1, -1, -1, -1, -1, -1, -1, -1, -1, -1],
       device='cuda:0')
2025-03-23 11:22:26,216 - nli_logger_advanced-sbert - WARNING - Skipping batch with invalid labels: tensor([-1, -1, -1, -1, -1, -1, -1, -1, -1, -1, -1, -1, -1, -1, -1, -1],
       device='cuda:0')
Epoch 1/5:  13%|███████████████████████████████▏                                                                                                                                                                                                             | 85/646 [00:00<00:04, 123.49it/s]2025-03-23 11:22:26,226 - nli_logger_advanced-sbert - WARNING - Skipping batch with invalid labels: tensor([-1, -1, -1, -1, -1, -1, -1, -1, -1, -1, -1, -1, -1, -1, -1, -1],
       device='cuda:0')
2025-03-23 11:22:26,234 - nli_logger_advanced-sbert - WARNING - Skipping batch with invalid labels: tensor([-1, -1, -1, -1, -1, -1, -1, -1, -1, -1, -1, -1, -1, -1, -1, -1],
       device='cuda:0')
2025-03-23 11:22:26,242 - nli_logger_advanced-sbert - WARNING - Skipping batch with invalid labels: tensor([-1, -1, -1, -1, -1, -1, -1, -1, -1, -1, -1, -1, -1, -1, -1, -1],
       device='cuda:0')
2025-03-23 11:22:26,249 - nli_logger_advanced-sbert - WARNING - Skipping batch with invalid labels: tensor([-1, -1, -1, -1, -1, -1, -1, -1, -1, -1, -1, -1, -1, -1, -1, -1],
       device='cuda:0')
2025-03-23 11:22:26,256 - nli_logger_advanced-sbert - WARNING - Skipping batch with invalid labels: tensor([-1, -1, -1, -1, -1, -1, -1, -1, -1, -1, -1, -1, -1, -1, -1, -1],
       device='cuda:0')
2025-03-23 11:22:26,262 - nli_logger_advanced-sbert - WARNING - Skipping batch with invalid labels: tensor([-1, -1, -1, -1, -1, -1, -1, -1, -1, -1, -1, -1, -1, -1, -1, -1],
       device='cuda:0')
2025-03-23 11:22:26,270 - nli_logger_advanced-sbert - WARNING - Skipping batch with invalid labels: tensor([-1, -1, -1, -1, -1, -1, -1, -1, -1, -1, -1, -1, -1, -1, -1, -1],
       device='cuda:0')
2025-03-23 11:22:26,277 - nli_logger_advanced-sbert - WARNING - Skipping batch with invalid labels: tensor([-1, -1, -1, -1, -1, -1, -1, -1, -1, -1, -1, -1, -1, -1, -1, -1],
       device='cuda:0')
2025-03-23 11:22:26,284 - nli_logger_advanced-sbert - WARNING - Skipping batch with invalid labels: tensor([-1, -1, -1, -1, -1, -1, -1, -1, -1, -1, -1, -1, -1, -1, -1, -1],
       device='cuda:0')
2025-03-23 11:22:26,292 - nli_logger_advanced-sbert - WARNING - Skipping batch with invalid labels: tensor([-1, -1, -1, -1, -1, -1, -1, -1, -1, -1, -1, -1, -1, -1, -1, -1],
       device='cuda:0')
2025-03-23 11:22:26,301 - nli_logger_advanced-sbert - WARNING - Skipping batch with invalid labels: tensor([-1, -1, -1, -1, -1, -1, -1, -1, -1, -1, -1, -1, -1, -1, -1, -1],
       device='cuda:0')
2025-03-23 11:22:26,310 - nli_logger_advanced-sbert - WARNING - Skipping batch with invalid labels: tensor([-1, -1, -1, -1, -1, -1, -1, -1, -1, -1, -1, -1, -1, -1, -1, -1],
       device='cuda:0')
2025-03-23 11:22:26,319 - nli_logger_advanced-sbert - WARNING - Skipping batch with invalid labels: tensor([-1, -1, -1, -1, -1, -1, -1, -1, -1, -1, -1, -1, -1, -1, -1, -1],
       device='cuda:0')
Epoch 1/5:  15%|███████████████████████████████████▉                                                                                                                                                                                                         | 98/646 [00:00<00:04, 124.08it/s]2025-03-23 11:22:26,328 - nli_logger_advanced-sbert - WARNING - Skipping batch with invalid labels: tensor([-1, -1, -1, -1, -1, -1, -1, -1, -1, -1, -1, -1, -1, -1, -1, -1],
       device='cuda:0')
2025-03-23 11:22:26,339 - nli_logger_advanced-sbert - WARNING - Skipping batch with invalid labels: tensor([-1, -1, -1, -1, -1, -1, -1, -1, -1, -1, -1, -1, -1, -1, -1, -1],
       device='cuda:0')
2025-03-23 11:22:26,348 - nli_logger_advanced-sbert - WARNING - Skipping batch with invalid labels: tensor([-1, -1, -1, -1, -1, -1, -1, -1, -1, -1, -1, -1, -1, -1, -1, -1],
       device='cuda:0')
2025-03-23 11:22:26,356 - nli_logger_advanced-sbert - WARNING - Skipping batch with invalid labels: tensor([-1, -1, -1, -1, -1, -1, -1, -1, -1, -1, -1, -1, -1, -1, -1, -1],
       device='cuda:0')
2025-03-23 11:22:26,363 - nli_logger_advanced-sbert - WARNING - Skipping batch with invalid labels: tensor([-1, -1, -1, -1, -1, -1, -1, -1, -1, -1, -1, -1, -1, -1, -1, -1],
       device='cuda:0')
2025-03-23 11:22:26,370 - nli_logger_advanced-sbert - WARNING - Skipping batch with invalid labels: tensor([-1, -1, -1, -1, -1, -1, -1, -1, -1, -1, -1, -1, -1, -1, -1, -1],
       device='cuda:0')
2025-03-23 11:22:26,378 - nli_logger_advanced-sbert - WARNING - Skipping batch with invalid labels: tensor([-1, -1, -1, -1, -1, -1, -1, -1, -1, -1, -1, -1, -1, -1, -1, -1],
       device='cuda:0')
2025-03-23 11:22:26,389 - nli_logger_advanced-sbert - WARNING - Skipping batch with invalid labels: tensor([-1, -1, -1, -1, -1, -1, -1, -1, -1, -1, -1, -1, -1, -1, -1, -1],
       device='cuda:0')
2025-03-23 11:22:26,398 - nli_logger_advanced-sbert - WARNING - Skipping batch with invalid labels: tensor([-1, -1, -1, -1, -1, -1, -1, -1, -1, -1, -1, -1, -1, -1, -1, -1],
       device='cuda:0')
2025-03-23 11:22:26,407 - nli_logger_advanced-sbert - WARNING - Skipping batch with invalid labels: tensor([-1, -1, -1, -1, -1, -1, -1, -1, -1, -1, -1, -1, -1, -1, -1, -1],
       device='cuda:0')
2025-03-23 11:22:26,414 - nli_logger_advanced-sbert - WARNING - Skipping batch with invalid labels: tensor([-1, -1, -1, -1, -1, -1, -1, -1, -1, -1, -1, -1, -1, -1, -1, -1],
       device='cuda:0')
2025-03-23 11:22:26,423 - nli_logger_advanced-sbert - WARNING - Skipping batch with invalid labels: tensor([-1, -1, -1, -1, -1, -1, -1, -1, -1, -1, -1, -1, -1, -1, -1, -1],
       device='cuda:0')
2025-03-23 11:22:26,431 - nli_logger_advanced-sbert - WARNING - Skipping batch with invalid labels: tensor([-1, -1, -1, -1, -1, -1, -1, -1, -1, -1, -1, -1, -1, -1, -1, -1],
       device='cuda:0')
Epoch 1/5:  17%|████████████████████████████████████████▌                                                                                                                                                                                                   | 111/646 [00:00<00:04, 121.37it/s]2025-03-23 11:22:26,442 - nli_logger_advanced-sbert - WARNING - Skipping batch with invalid labels: tensor([-1, -1, -1, -1, -1, -1, -1, -1, -1, -1, -1, -1, -1, -1, -1, -1],
       device='cuda:0')
2025-03-23 11:22:26,452 - nli_logger_advanced-sbert - WARNING - Skipping batch with invalid labels: tensor([-1, -1, -1, -1, -1, -1, -1, -1, -1, -1, -1, -1, -1, -1, -1, -1],
       device='cuda:0')
2025-03-23 11:22:26,463 - nli_logger_advanced-sbert - WARNING - Skipping batch with invalid labels: tensor([-1, -1, -1, -1, -1, -1, -1, -1, -1, -1, -1, -1, -1, -1, -1, -1],
       device='cuda:0')
2025-03-23 11:22:26,471 - nli_logger_advanced-sbert - WARNING - Skipping batch with invalid labels: tensor([-1, -1, -1, -1, -1, -1, -1, -1, -1, -1, -1, -1, -1, -1, -1, -1],
       device='cuda:0')
2025-03-23 11:22:26,479 - nli_logger_advanced-sbert - WARNING - Skipping batch with invalid labels: tensor([-1, -1, -1, -1, -1, -1, -1, -1, -1, -1, -1, -1, -1, -1, -1, -1],
       device='cuda:0')
2025-03-23 11:22:26,487 - nli_logger_advanced-sbert - WARNING - Skipping batch with invalid labels: tensor([-1, -1, -1, -1, -1, -1, -1, -1, -1, -1, -1, -1, -1, -1, -1, -1],
       device='cuda:0')
2025-03-23 11:22:26,495 - nli_logger_advanced-sbert - WARNING - Skipping batch with invalid labels: tensor([-1, -1, -1, -1, -1, -1, -1, -1, -1, -1, -1, -1, -1, -1, -1, -1],
       device='cuda:0')
2025-03-23 11:22:26,506 - nli_logger_advanced-sbert - WARNING - Skipping batch with invalid labels: tensor([-1, -1, -1, -1, -1, -1, -1, -1, -1, -1, -1, -1, -1, -1, -1, -1],
       device='cuda:0')
2025-03-23 11:22:26,514 - nli_logger_advanced-sbert - WARNING - Skipping batch with invalid labels: tensor([-1, -1, -1, -1, -1, -1, -1, -1, -1, -1, -1, -1, -1, -1, -1, -1],
       device='cuda:0')
2025-03-23 11:22:26,521 - nli_logger_advanced-sbert - WARNING - Skipping batch with invalid labels: tensor([-1, -1, -1, -1, -1, -1, -1, -1, -1, -1, -1, -1, -1, -1, -1, -1],
       device='cuda:0')
2025-03-23 11:22:26,529 - nli_logger_advanced-sbert - WARNING - Skipping batch with invalid labels: tensor([-1, -1, -1, -1, -1, -1, -1, -1, -1, -1, -1, -1, -1, -1, -1, -1],
       device='cuda:0')
2025-03-23 11:22:26,536 - nli_logger_advanced-sbert - WARNING - Skipping batch with invalid labels: tensor([-1, -1, -1, -1, -1, -1, -1, -1, -1, -1, -1, -1, -1, -1, -1, -1],
       device='cuda:0')
2025-03-23 11:22:26,543 - nli_logger_advanced-sbert - WARNING - Skipping batch with invalid labels: tensor([-1, -1, -1, -1, -1, -1, -1, -1, -1, -1, -1, -1, -1, -1, -1, -1],
       device='cuda:0')
Epoch 1/5:  19%|█████████████████████████████████████████████▎                                                                                                                                                                                              | 124/646 [00:01<00:04, 119.84it/s]2025-03-23 11:22:26,551 - nli_logger_advanced-sbert - WARNING - Skipping batch with invalid labels: tensor([-1, -1, -1, -1, -1, -1, -1, -1, -1, -1, -1, -1, -1, -1, -1, -1],
       device='cuda:0')
2025-03-23 11:22:26,559 - nli_logger_advanced-sbert - WARNING - Skipping batch with invalid labels: tensor([-1, -1, -1, -1, -1, -1, -1, -1, -1, -1, -1, -1, -1, -1, -1, -1],
       device='cuda:0')
2025-03-23 11:22:26,567 - nli_logger_advanced-sbert - WARNING - Skipping batch with invalid labels: tensor([-1, -1, -1, -1, -1, -1, -1, -1, -1, -1, -1, -1, -1, -1, -1, -1],
       device='cuda:0')
2025-03-23 11:22:26,575 - nli_logger_advanced-sbert - WARNING - Skipping batch with invalid labels: tensor([-1, -1, -1, -1, -1, -1, -1, -1, -1, -1, -1, -1, -1, -1, -1, -1],
       device='cuda:0')
2025-03-23 11:22:26,582 - nli_logger_advanced-sbert - WARNING - Skipping batch with invalid labels: tensor([-1, -1, -1, -1, -1, -1, -1, -1, -1, -1, -1, -1, -1, -1, -1, -1],
       device='cuda:0')
2025-03-23 11:22:26,589 - nli_logger_advanced-sbert - WARNING - Skipping batch with invalid labels: tensor([-1, -1, -1, -1, -1, -1, -1, -1, -1, -1, -1, -1, -1, -1, -1, -1],
       device='cuda:0')
2025-03-23 11:22:26,599 - nli_logger_advanced-sbert - WARNING - Skipping batch with invalid labels: tensor([-1, -1, -1, -1, -1, -1, -1, -1, -1, -1, -1, -1, -1, -1, -1, -1],
       device='cuda:0')
2025-03-23 11:22:26,607 - nli_logger_advanced-sbert - WARNING - Skipping batch with invalid labels: tensor([-1, -1, -1, -1, -1, -1, -1, -1, -1, -1, -1, -1, -1, -1, -1, -1],
       device='cuda:0')
2025-03-23 11:22:26,616 - nli_logger_advanced-sbert - WARNING - Skipping batch with invalid labels: tensor([-1, -1, -1, -1, -1, -1, -1, -1, -1, -1, -1, -1, -1, -1, -1, -1],
       device='cuda:0')
2025-03-23 11:22:26,624 - nli_logger_advanced-sbert - WARNING - Skipping batch with invalid labels: tensor([-1, -1, -1, -1, -1, -1, -1, -1, -1, -1, -1, -1, -1, -1, -1, -1],
       device='cuda:0')
2025-03-23 11:22:26,631 - nli_logger_advanced-sbert - WARNING - Skipping batch with invalid labels: tensor([-1, -1, -1, -1, -1, -1, -1, -1, -1, -1, -1, -1, -1, -1, -1, -1],
       device='cuda:0')
2025-03-23 11:22:26,640 - nli_logger_advanced-sbert - WARNING - Skipping batch with invalid labels: tensor([-1, -1, -1, -1, -1, -1, -1, -1, -1, -1, -1, -1, -1, -1, -1, -1],
       device='cuda:0')
2025-03-23 11:22:26,647 - nli_logger_advanced-sbert - WARNING - Skipping batch with invalid labels: tensor([-1, -1, -1, -1, -1, -1, -1, -1, -1, -1, -1, -1, -1, -1, -1, -1],
       device='cuda:0')
Epoch 1/5:  21%|██████████████████████████████████████████████████                                                                                                                                                                                          | 137/646 [00:01<00:04, 121.40it/s]2025-03-23 11:22:26,654 - nli_logger_advanced-sbert - WARNING - Skipping batch with invalid labels: tensor([-1, -1, -1, -1, -1, -1, -1, -1, -1, -1, -1, -1, -1, -1, -1, -1],
       device='cuda:0')
2025-03-23 11:22:26,661 - nli_logger_advanced-sbert - WARNING - Skipping batch with invalid labels: tensor([-1, -1, -1, -1, -1, -1, -1, -1, -1, -1, -1, -1, -1, -1, -1, -1],
       device='cuda:0')
2025-03-23 11:22:26,667 - nli_logger_advanced-sbert - WARNING - Skipping batch with invalid labels: tensor([-1, -1, -1, -1, -1, -1, -1, -1, -1, -1, -1, -1, -1, -1, -1, -1],
       device='cuda:0')
2025-03-23 11:22:26,676 - nli_logger_advanced-sbert - WARNING - Skipping batch with invalid labels: tensor([-1, -1, -1, -1, -1, -1, -1, -1, -1, -1, -1, -1, -1, -1, -1, -1],
       device='cuda:0')
2025-03-23 11:22:26,684 - nli_logger_advanced-sbert - WARNING - Skipping batch with invalid labels: tensor([-1, -1, -1, -1, -1, -1, -1, -1, -1, -1, -1, -1, -1, -1, -1, -1],
       device='cuda:0')
2025-03-23 11:22:26,692 - nli_logger_advanced-sbert - WARNING - Skipping batch with invalid labels: tensor([-1, -1, -1, -1, -1, -1, -1, -1, -1, -1, -1, -1, -1, -1, -1, -1],
       device='cuda:0')
2025-03-23 11:22:26,699 - nli_logger_advanced-sbert - WARNING - Skipping batch with invalid labels: tensor([-1, -1, -1, -1, -1, -1, -1, -1, -1, -1, -1, -1, -1, -1, -1, -1],
       device='cuda:0')
2025-03-23 11:22:26,707 - nli_logger_advanced-sbert - WARNING - Skipping batch with invalid labels: tensor([-1, -1, -1, -1, -1, -1, -1, -1, -1, -1, -1, -1, -1, -1, -1, -1],
       device='cuda:0')
2025-03-23 11:22:26,715 - nli_logger_advanced-sbert - WARNING - Skipping batch with invalid labels: tensor([-1, -1, -1, -1, -1, -1, -1, -1, -1, -1, -1, -1, -1, -1, -1, -1],
       device='cuda:0')
2025-03-23 11:22:26,722 - nli_logger_advanced-sbert - WARNING - Skipping batch with invalid labels: tensor([-1, -1, -1, -1, -1, -1, -1, -1, -1, -1, -1, -1, -1, -1, -1, -1],
       device='cuda:0')
2025-03-23 11:22:26,730 - nli_logger_advanced-sbert - WARNING - Skipping batch with invalid labels: tensor([-1, -1, -1, -1, -1, -1, -1, -1, -1, -1, -1, -1, -1, -1, -1, -1],
       device='cuda:0')
2025-03-23 11:22:26,737 - nli_logger_advanced-sbert - WARNING - Skipping batch with invalid labels: tensor([-1, -1, -1, -1, -1, -1, -1, -1, -1, -1, -1, -1, -1, -1, -1, -1],
       device='cuda:0')
2025-03-23 11:22:26,745 - nli_logger_advanced-sbert - WARNING - Skipping batch with invalid labels: tensor([-1, -1, -1, -1, -1, -1, -1, -1, -1, -1, -1, -1, -1, -1, -1, -1],
       device='cuda:0')
2025-03-23 11:22:26,753 - nli_logger_advanced-sbert - WARNING - Skipping batch with invalid labels: tensor([-1, -1, -1, -1, -1, -1, -1, -1, -1, -1, -1, -1, -1, -1, -1, -1],
       device='cuda:0')
Epoch 1/5:  23%|███████████████████████████████████████████████████████▏                                                                                                                                                                                    | 151/646 [00:01<00:03, 124.77it/s]2025-03-23 11:22:26,761 - nli_logger_advanced-sbert - WARNING - Skipping batch with invalid labels: tensor([-1, -1, -1, -1, -1, -1, -1, -1, -1, -1, -1, -1, -1, -1, -1, -1],
       device='cuda:0')
2025-03-23 11:22:26,768 - nli_logger_advanced-sbert - WARNING - Skipping batch with invalid labels: tensor([-1, -1, -1, -1, -1, -1, -1, -1, -1, -1, -1, -1, -1, -1, -1, -1],
       device='cuda:0')
2025-03-23 11:22:26,777 - nli_logger_advanced-sbert - WARNING - Skipping batch with invalid labels: tensor([-1, -1, -1, -1, -1, -1, -1, -1, -1, -1, -1, -1, -1, -1, -1, -1],
       device='cuda:0')
2025-03-23 11:22:26,786 - nli_logger_advanced-sbert - WARNING - Skipping batch with invalid labels: tensor([-1, -1, -1, -1, -1, -1, -1, -1, -1, -1, -1, -1, -1, -1, -1, -1],
       device='cuda:0')
2025-03-23 11:22:26,794 - nli_logger_advanced-sbert - WARNING - Skipping batch with invalid labels: tensor([-1, -1, -1, -1, -1, -1, -1, -1, -1, -1, -1, -1, -1, -1, -1, -1],
       device='cuda:0')
2025-03-23 11:22:26,803 - nli_logger_advanced-sbert - WARNING - Skipping batch with invalid labels: tensor([-1, -1, -1, -1, -1, -1, -1, -1, -1, -1, -1, -1, -1, -1, -1, -1],
       device='cuda:0')
2025-03-23 11:22:26,812 - nli_logger_advanced-sbert - WARNING - Skipping batch with invalid labels: tensor([-1, -1, -1, -1, -1, -1, -1, -1, -1, -1, -1, -1, -1, -1, -1, -1],
       device='cuda:0')
2025-03-23 11:22:26,822 - nli_logger_advanced-sbert - WARNING - Skipping batch with invalid labels: tensor([-1, -1, -1, -1, -1, -1, -1, -1, -1, -1, -1, -1, -1, -1, -1, -1],
       device='cuda:0')
2025-03-23 11:22:26,832 - nli_logger_advanced-sbert - WARNING - Skipping batch with invalid labels: tensor([-1, -1, -1, -1, -1, -1, -1, -1, -1, -1, -1, -1, -1, -1, -1, -1],
       device='cuda:0')
2025-03-23 11:22:26,840 - nli_logger_advanced-sbert - WARNING - Skipping batch with invalid labels: tensor([-1, -1, -1, -1, -1, -1, -1, -1, -1, -1, -1, -1, -1, -1, -1, -1],
       device='cuda:0')
2025-03-23 11:22:26,848 - nli_logger_advanced-sbert - WARNING - Skipping batch with invalid labels: tensor([-1, -1, -1, -1, -1, -1, -1, -1, -1, -1, -1, -1, -1, -1, -1, -1],
       device='cuda:0')
2025-03-23 11:22:26,855 - nli_logger_advanced-sbert - WARNING - Skipping batch with invalid labels: tensor([-1, -1, -1, -1, -1, -1, -1, -1, -1, -1, -1, -1, -1, -1, -1, -1],
       device='cuda:0')
2025-03-23 11:22:26,863 - nli_logger_advanced-sbert - WARNING - Skipping batch with invalid labels: tensor([-1, -1, -1, -1, -1, -1, -1, -1, -1, -1, -1, -1, -1, -1, -1, -1],
       device='cuda:0')
Epoch 1/5:  25%|███████████████████████████████████████████████████████████▉                                                                                                                                                                                | 164/646 [00:01<00:03, 122.67it/s]2025-03-23 11:22:26,870 - nli_logger_advanced-sbert - WARNING - Skipping batch with invalid labels: tensor([-1, -1, -1, -1, -1, -1, -1, -1, -1, -1, -1, -1, -1, -1, -1, -1],
       device='cuda:0')
2025-03-23 11:22:26,878 - nli_logger_advanced-sbert - WARNING - Skipping batch with invalid labels: tensor([-1, -1, -1, -1, -1, -1, -1, -1, -1, -1, -1, -1, -1, -1, -1, -1],
       device='cuda:0')
2025-03-23 11:22:26,885 - nli_logger_advanced-sbert - WARNING - Skipping batch with invalid labels: tensor([-1, -1, -1, -1, -1, -1, -1, -1, -1, -1, -1, -1, -1, -1, -1, -1],
       device='cuda:0')
2025-03-23 11:22:26,893 - nli_logger_advanced-sbert - WARNING - Skipping batch with invalid labels: tensor([-1, -1, -1, -1, -1, -1, -1, -1, -1, -1, -1, -1, -1, -1, -1, -1],
       device='cuda:0')
2025-03-23 11:22:26,903 - nli_logger_advanced-sbert - WARNING - Skipping batch with invalid labels: tensor([-1, -1, -1, -1, -1, -1, -1, -1, -1, -1, -1, -1, -1, -1, -1, -1],
       device='cuda:0')
2025-03-23 11:22:26,911 - nli_logger_advanced-sbert - WARNING - Skipping batch with invalid labels: tensor([-1, -1, -1, -1, -1, -1, -1, -1, -1, -1, -1, -1, -1, -1, -1, -1],
       device='cuda:0')
2025-03-23 11:22:26,921 - nli_logger_advanced-sbert - WARNING - Skipping batch with invalid labels: tensor([-1, -1, -1, -1, -1, -1, -1, -1, -1, -1, -1, -1, -1, -1, -1, -1],
       device='cuda:0')
2025-03-23 11:22:26,929 - nli_logger_advanced-sbert - WARNING - Skipping batch with invalid labels: tensor([-1, -1, -1, -1, -1, -1, -1, -1, -1, -1, -1, -1, -1, -1, -1, -1],
       device='cuda:0')
2025-03-23 11:22:26,938 - nli_logger_advanced-sbert - WARNING - Skipping batch with invalid labels: tensor([-1, -1, -1, -1, -1, -1, -1, -1, -1, -1, -1, -1, -1, -1, -1, -1],
       device='cuda:0')
2025-03-23 11:22:26,945 - nli_logger_advanced-sbert - WARNING - Skipping batch with invalid labels: tensor([-1, -1, -1, -1, -1, -1, -1, -1, -1, -1, -1, -1, -1, -1, -1, -1],
       device='cuda:0')
2025-03-23 11:22:26,954 - nli_logger_advanced-sbert - WARNING - Skipping batch with invalid labels: tensor([-1, -1, -1, -1, -1, -1, -1, -1, -1, -1, -1, -1, -1, -1, -1, -1],
       device='cuda:0')
2025-03-23 11:22:26,961 - nli_logger_advanced-sbert - WARNING - Skipping batch with invalid labels: tensor([-1, -1, -1, -1, -1, -1, -1, -1, -1, -1, -1, -1, -1, -1, -1, -1],
       device='cuda:0')
2025-03-23 11:22:26,968 - nli_logger_advanced-sbert - WARNING - Skipping batch with invalid labels: tensor([-1, -1, -1, -1, -1, -1, -1, -1, -1, -1, -1, -1, -1, -1, -1, -1],
       device='cuda:0')
Epoch 1/5:  27%|████████████████████████████████████████████████████████████████▋                                                                                                                                                                           | 177/646 [00:01<00:03, 122.96it/s]2025-03-23 11:22:26,976 - nli_logger_advanced-sbert - WARNING - Skipping batch with invalid labels: tensor([-1, -1, -1, -1, -1, -1, -1, -1, -1, -1, -1, -1, -1, -1, -1, -1],
       device='cuda:0')
2025-03-23 11:22:26,984 - nli_logger_advanced-sbert - WARNING - Skipping batch with invalid labels: tensor([-1, -1, -1, -1, -1, -1, -1, -1, -1, -1, -1, -1, -1, -1, -1, -1],
       device='cuda:0')
2025-03-23 11:22:26,992 - nli_logger_advanced-sbert - WARNING - Skipping batch with invalid labels: tensor([-1, -1, -1, -1, -1, -1, -1, -1, -1, -1, -1, -1, -1, -1, -1, -1],
       device='cuda:0')
2025-03-23 11:22:27,000 - nli_logger_advanced-sbert - WARNING - Skipping batch with invalid labels: tensor([-1, -1, -1, -1, -1, -1, -1, -1, -1, -1, -1, -1, -1, -1, -1, -1],
       device='cuda:0')
2025-03-23 11:22:27,011 - nli_logger_advanced-sbert - WARNING - Skipping batch with invalid labels: tensor([-1, -1, -1, -1, -1, -1, -1, -1, -1, -1, -1, -1, -1, -1, -1, -1],
       device='cuda:0')
2025-03-23 11:22:27,020 - nli_logger_advanced-sbert - WARNING - Skipping batch with invalid labels: tensor([-1, -1, -1, -1, -1, -1, -1, -1, -1, -1, -1, -1, -1, -1, -1, -1],
       device='cuda:0')
2025-03-23 11:22:27,030 - nli_logger_advanced-sbert - WARNING - Skipping batch with invalid labels: tensor([-1, -1, -1, -1, -1, -1, -1, -1, -1, -1, -1, -1, -1, -1, -1, -1],
       device='cuda:0')
2025-03-23 11:22:27,039 - nli_logger_advanced-sbert - WARNING - Skipping batch with invalid labels: tensor([-1, -1, -1, -1, -1, -1, -1, -1, -1, -1, -1, -1, -1, -1, -1, -1],
       device='cuda:0')
2025-03-23 11:22:27,047 - nli_logger_advanced-sbert - WARNING - Skipping batch with invalid labels: tensor([-1, -1, -1, -1, -1, -1, -1, -1, -1, -1, -1, -1, -1, -1, -1, -1],
       device='cuda:0')
2025-03-23 11:22:27,056 - nli_logger_advanced-sbert - WARNING - Skipping batch with invalid labels: tensor([-1, -1, -1, -1, -1, -1, -1, -1, -1, -1, -1, -1, -1, -1, -1, -1],
       device='cuda:0')
2025-03-23 11:22:27,064 - nli_logger_advanced-sbert - WARNING - Skipping batch with invalid labels: tensor([-1, -1, -1, -1, -1, -1, -1, -1, -1, -1, -1, -1, -1, -1, -1, -1],
       device='cuda:0')
2025-03-23 11:22:27,072 - nli_logger_advanced-sbert - WARNING - Skipping batch with invalid labels: tensor([-1, -1, -1, -1, -1, -1, -1, -1, -1, -1, -1, -1, -1, -1, -1, -1],
       device='cuda:0')
2025-03-23 11:22:27,079 - nli_logger_advanced-sbert - WARNING - Skipping batch with invalid labels: tensor([-1, -1, -1, -1, -1, -1, -1, -1, -1, -1, -1, -1, -1, -1, -1, -1],
       device='cuda:0')
Epoch 1/5:  29%|█████████████████████████████████████████████████████████████████████▍                                                                                                                                                                      | 190/646 [00:01<00:03, 121.02it/s]2025-03-23 11:22:27,087 - nli_logger_advanced-sbert - WARNING - Skipping batch with invalid labels: tensor([-1, -1, -1, -1, -1, -1, -1, -1, -1, -1, -1, -1, -1, -1, -1, -1],
       device='cuda:0')
2025-03-23 11:22:27,099 - nli_logger_advanced-sbert - WARNING - Skipping batch with invalid labels: tensor([-1, -1, -1, -1, -1, -1, -1, -1, -1, -1, -1, -1, -1, -1, -1, -1],
       device='cuda:0')
2025-03-23 11:22:27,110 - nli_logger_advanced-sbert - WARNING - Skipping batch with invalid labels: tensor([-1, -1, -1, -1, -1, -1, -1, -1, -1, -1, -1, -1, -1, -1, -1, -1],
       device='cuda:0')
2025-03-23 11:22:27,118 - nli_logger_advanced-sbert - WARNING - Skipping batch with invalid labels: tensor([-1, -1, -1, -1, -1, -1, -1, -1, -1, -1, -1, -1, -1, -1, -1, -1],
       device='cuda:0')
2025-03-23 11:22:27,126 - nli_logger_advanced-sbert - WARNING - Skipping batch with invalid labels: tensor([-1, -1, -1, -1, -1, -1, -1, -1, -1, -1, -1, -1, -1, -1, -1, -1],
       device='cuda:0')
2025-03-23 11:22:27,133 - nli_logger_advanced-sbert - WARNING - Skipping batch with invalid labels: tensor([-1, -1, -1, -1, -1, -1, -1, -1, -1, -1, -1, -1, -1, -1, -1, -1],
       device='cuda:0')
2025-03-23 11:22:27,141 - nli_logger_advanced-sbert - WARNING - Skipping batch with invalid labels: tensor([-1, -1, -1, -1, -1, -1, -1, -1, -1, -1, -1, -1, -1, -1, -1, -1],
       device='cuda:0')
2025-03-23 11:22:27,148 - nli_logger_advanced-sbert - WARNING - Skipping batch with invalid labels: tensor([-1, -1, -1, -1, -1, -1, -1, -1, -1, -1, -1, -1, -1, -1, -1, -1],
       device='cuda:0')
2025-03-23 11:22:27,156 - nli_logger_advanced-sbert - WARNING - Skipping batch with invalid labels: tensor([-1, -1, -1, -1, -1, -1, -1, -1, -1, -1, -1, -1, -1, -1, -1, -1],
       device='cuda:0')
2025-03-23 11:22:27,163 - nli_logger_advanced-sbert - WARNING - Skipping batch with invalid labels: tensor([-1, -1, -1, -1, -1, -1, -1, -1, -1, -1, -1, -1, -1, -1, -1, -1],
       device='cuda:0')
2025-03-23 11:22:27,169 - nli_logger_advanced-sbert - WARNING - Skipping batch with invalid labels: tensor([-1, -1, -1, -1, -1, -1, -1, -1, -1, -1, -1, -1, -1, -1, -1, -1],
       device='cuda:0')
2025-03-23 11:22:27,177 - nli_logger_advanced-sbert - WARNING - Skipping batch with invalid labels: tensor([-1, -1, -1, -1, -1, -1, -1, -1, -1, -1, -1, -1, -1, -1, -1, -1],
       device='cuda:0')
2025-03-23 11:22:27,183 - nli_logger_advanced-sbert - WARNING - Skipping batch with invalid labels: tensor([-1, -1, -1, -1, -1, -1, -1, -1, -1, -1, -1, -1, -1, -1, -1, -1],
       device='cuda:0')
Epoch 1/5:  31%|██████████████████████████████████████████████████████████████████████████▏                                                                                                                                                                 | 203/646 [00:01<00:03, 122.15it/s]2025-03-23 11:22:27,191 - nli_logger_advanced-sbert - WARNING - Skipping batch with invalid labels: tensor([-1, -1, -1, -1, -1, -1, -1, -1, -1, -1, -1, -1, -1, -1, -1, -1],
       device='cuda:0')
2025-03-23 11:22:27,200 - nli_logger_advanced-sbert - WARNING - Skipping batch with invalid labels: tensor([-1, -1, -1, -1, -1, -1, -1, -1, -1, -1, -1, -1, -1, -1, -1, -1],
       device='cuda:0')
2025-03-23 11:22:27,207 - nli_logger_advanced-sbert - WARNING - Skipping batch with invalid labels: tensor([-1, -1, -1, -1, -1, -1, -1, -1, -1, -1, -1, -1, -1, -1, -1, -1],
       device='cuda:0')
2025-03-23 11:22:27,215 - nli_logger_advanced-sbert - WARNING - Skipping batch with invalid labels: tensor([-1, -1, -1, -1, -1, -1, -1, -1, -1, -1, -1, -1, -1, -1, -1, -1],
       device='cuda:0')
2025-03-23 11:22:27,223 - nli_logger_advanced-sbert - WARNING - Skipping batch with invalid labels: tensor([-1, -1, -1, -1, -1, -1, -1, -1, -1, -1, -1, -1, -1, -1, -1, -1],
       device='cuda:0')
2025-03-23 11:22:27,232 - nli_logger_advanced-sbert - WARNING - Skipping batch with invalid labels: tensor([-1, -1, -1, -1, -1, -1, -1, -1, -1, -1, -1, -1, -1, -1, -1, -1],
       device='cuda:0')
2025-03-23 11:22:27,240 - nli_logger_advanced-sbert - WARNING - Skipping batch with invalid labels: tensor([-1, -1, -1, -1, -1, -1, -1, -1, -1, -1, -1, -1, -1, -1, -1, -1],
       device='cuda:0')
2025-03-23 11:22:27,248 - nli_logger_advanced-sbert - WARNING - Skipping batch with invalid labels: tensor([-1, -1, -1, -1, -1, -1, -1, -1, -1, -1, -1, -1, -1, -1, -1, -1],
       device='cuda:0')
2025-03-23 11:22:27,257 - nli_logger_advanced-sbert - WARNING - Skipping batch with invalid labels: tensor([-1, -1, -1, -1, -1, -1, -1, -1, -1, -1, -1, -1, -1, -1, -1, -1],
       device='cuda:0')
2025-03-23 11:22:27,265 - nli_logger_advanced-sbert - WARNING - Skipping batch with invalid labels: tensor([-1, -1, -1, -1, -1, -1, -1, -1, -1, -1, -1, -1, -1, -1, -1, -1],
       device='cuda:0')
2025-03-23 11:22:27,273 - nli_logger_advanced-sbert - WARNING - Skipping batch with invalid labels: tensor([-1, -1, -1, -1, -1, -1, -1, -1, -1, -1, -1, -1, -1, -1, -1, -1],
       device='cuda:0')
2025-03-23 11:22:27,280 - nli_logger_advanced-sbert - WARNING - Skipping batch with invalid labels: tensor([-1, -1, -1, -1, -1, -1, -1, -1, -1, -1, -1, -1, -1, -1, -1, -1],
       device='cuda:0')
2025-03-23 11:22:27,288 - nli_logger_advanced-sbert - WARNING - Skipping batch with invalid labels: tensor([-1, -1, -1, -1, -1, -1, -1, -1, -1, -1, -1, -1, -1, -1, -1, -1],
       device='cuda:0')
Epoch 1/5:  33%|██████████████████████████████████████████████████████████████████████████████▉                                                                                                                                                             | 216/646 [00:01<00:03, 122.86it/s]2025-03-23 11:22:27,295 - nli_logger_advanced-sbert - WARNING - Skipping batch with invalid labels: tensor([-1, -1, -1, -1, -1, -1, -1, -1, -1, -1, -1, -1, -1, -1, -1, -1],
       device='cuda:0')
2025-03-23 11:22:27,307 - nli_logger_advanced-sbert - WARNING - Skipping batch with invalid labels: tensor([-1, -1, -1, -1, -1, -1, -1, -1, -1, -1, -1, -1, -1, -1, -1, -1],
       device='cuda:0')
2025-03-23 11:22:27,315 - nli_logger_advanced-sbert - WARNING - Skipping batch with invalid labels: tensor([-1, -1, -1, -1, -1, -1, -1, -1, -1, -1, -1, -1, -1, -1, -1, -1],
       device='cuda:0')
2025-03-23 11:22:27,323 - nli_logger_advanced-sbert - WARNING - Skipping batch with invalid labels: tensor([-1, -1, -1, -1, -1, -1, -1, -1, -1, -1, -1, -1, -1, -1, -1, -1],
       device='cuda:0')
2025-03-23 11:22:27,332 - nli_logger_advanced-sbert - WARNING - Skipping batch with invalid labels: tensor([-1, -1, -1, -1, -1, -1, -1, -1, -1, -1, -1, -1, -1, -1, -1, -1],
       device='cuda:0')
2025-03-23 11:22:27,339 - nli_logger_advanced-sbert - WARNING - Skipping batch with invalid labels: tensor([-1, -1, -1, -1, -1, -1, -1, -1, -1, -1, -1, -1, -1, -1, -1, -1],
       device='cuda:0')
2025-03-23 11:22:27,347 - nli_logger_advanced-sbert - WARNING - Skipping batch with invalid labels: tensor([-1, -1, -1, -1, -1, -1, -1, -1, -1, -1, -1, -1, -1, -1, -1, -1],
       device='cuda:0')
2025-03-23 11:22:27,354 - nli_logger_advanced-sbert - WARNING - Skipping batch with invalid labels: tensor([-1, -1, -1, -1, -1, -1, -1, -1, -1, -1, -1, -1, -1, -1, -1, -1],
       device='cuda:0')
2025-03-23 11:22:27,361 - nli_logger_advanced-sbert - WARNING - Skipping batch with invalid labels: tensor([-1, -1, -1, -1, -1, -1, -1, -1, -1, -1, -1, -1, -1, -1, -1, -1],
       device='cuda:0')
2025-03-23 11:22:27,367 - nli_logger_advanced-sbert - WARNING - Skipping batch with invalid labels: tensor([-1, -1, -1, -1, -1, -1, -1, -1, -1, -1, -1, -1, -1, -1, -1, -1],
       device='cuda:0')
2025-03-23 11:22:27,375 - nli_logger_advanced-sbert - WARNING - Skipping batch with invalid labels: tensor([-1, -1, -1, -1, -1, -1, -1, -1, -1, -1, -1, -1, -1, -1, -1, -1],
       device='cuda:0')
2025-03-23 11:22:27,381 - nli_logger_advanced-sbert - WARNING - Skipping batch with invalid labels: tensor([-1, -1, -1, -1, -1, -1, -1, -1, -1, -1, -1, -1, -1, -1, -1, -1],
       device='cuda:0')
2025-03-23 11:22:27,390 - nli_logger_advanced-sbert - WARNING - Skipping batch with invalid labels: tensor([-1, -1, -1, -1, -1, -1, -1, -1, -1, -1, -1, -1, -1, -1, -1, -1],
       device='cuda:0')
Epoch 1/5:  35%|███████████████████████████████████████████████████████████████████████████████████▋                                                                                                                                                        | 229/646 [00:01<00:03, 124.21it/s]2025-03-23 11:22:27,398 - nli_logger_advanced-sbert - WARNING - Skipping batch with invalid labels: tensor([-1, -1, -1, -1, -1, -1, -1, -1, -1, -1, -1, -1, -1, -1, -1, -1],
       device='cuda:0')
2025-03-23 11:22:27,408 - nli_logger_advanced-sbert - WARNING - Skipping batch with invalid labels: tensor([-1, -1, -1, -1, -1, -1, -1, -1, -1, -1, -1, -1, -1, -1, -1, -1],
       device='cuda:0')
2025-03-23 11:22:27,418 - nli_logger_advanced-sbert - WARNING - Skipping batch with invalid labels: tensor([-1, -1, -1, -1, -1, -1, -1, -1, -1, -1, -1, -1, -1, -1, -1, -1],
       device='cuda:0')
2025-03-23 11:22:27,427 - nli_logger_advanced-sbert - WARNING - Skipping batch with invalid labels: tensor([-1, -1, -1, -1, -1, -1, -1, -1, -1, -1, -1, -1, -1, -1, -1, -1],
       device='cuda:0')
2025-03-23 11:22:27,435 - nli_logger_advanced-sbert - WARNING - Skipping batch with invalid labels: tensor([-1, -1, -1, -1, -1, -1, -1, -1, -1, -1, -1, -1, -1, -1, -1, -1],
       device='cuda:0')
2025-03-23 11:22:27,442 - nli_logger_advanced-sbert - WARNING - Skipping batch with invalid labels: tensor([-1, -1, -1, -1, -1, -1, -1, -1, -1, -1, -1, -1, -1, -1, -1, -1],
       device='cuda:0')
2025-03-23 11:22:27,451 - nli_logger_advanced-sbert - WARNING - Skipping batch with invalid labels: tensor([-1, -1, -1, -1, -1, -1, -1, -1, -1, -1, -1, -1, -1, -1, -1, -1],
       device='cuda:0')
2025-03-23 11:22:27,458 - nli_logger_advanced-sbert - WARNING - Skipping batch with invalid labels: tensor([-1, -1, -1, -1, -1, -1, -1, -1, -1, -1, -1, -1, -1, -1, -1, -1],
       device='cuda:0')
2025-03-23 11:22:27,465 - nli_logger_advanced-sbert - WARNING - Skipping batch with invalid labels: tensor([-1, -1, -1, -1, -1, -1, -1, -1, -1, -1, -1, -1, -1, -1, -1, -1],
       device='cuda:0')
2025-03-23 11:22:27,472 - nli_logger_advanced-sbert - WARNING - Skipping batch with invalid labels: tensor([-1, -1, -1, -1, -1, -1, -1, -1, -1, -1, -1, -1, -1, -1, -1, -1],
       device='cuda:0')
2025-03-23 11:22:27,480 - nli_logger_advanced-sbert - WARNING - Skipping batch with invalid labels: tensor([-1, -1, -1, -1, -1, -1, -1, -1, -1, -1, -1, -1, -1, -1, -1, -1],
       device='cuda:0')
2025-03-23 11:22:27,487 - nli_logger_advanced-sbert - WARNING - Skipping batch with invalid labels: tensor([-1, -1, -1, -1, -1, -1, -1, -1, -1, -1, -1, -1, -1, -1, -1, -1],
       device='cuda:0')
2025-03-23 11:22:27,494 - nli_logger_advanced-sbert - WARNING - Skipping batch with invalid labels: tensor([-1, -1, -1, -1, -1, -1, -1, -1, -1, -1, -1, -1, -1, -1, -1, -1],
       device='cuda:0')
Epoch 1/5:  37%|████████████████████████████████████████████████████████████████████████████████████████▍                                                                                                                                                   | 242/646 [00:02<00:03, 124.25it/s]2025-03-23 11:22:27,504 - nli_logger_advanced-sbert - WARNING - Skipping batch with invalid labels: tensor([-1, -1, -1, -1, -1, -1, -1, -1, -1, -1, -1, -1, -1, -1, -1, -1],
       device='cuda:0')
2025-03-23 11:22:27,513 - nli_logger_advanced-sbert - WARNING - Skipping batch with invalid labels: tensor([-1, -1, -1, -1, -1, -1, -1, -1, -1, -1, -1, -1, -1, -1, -1, -1],
       device='cuda:0')
2025-03-23 11:22:27,524 - nli_logger_advanced-sbert - WARNING - Skipping batch with invalid labels: tensor([-1, -1, -1, -1, -1, -1, -1, -1, -1, -1, -1, -1, -1, -1, -1, -1],
       device='cuda:0')
2025-03-23 11:22:27,534 - nli_logger_advanced-sbert - WARNING - Skipping batch with invalid labels: tensor([-1, -1, -1, -1, -1, -1, -1, -1, -1, -1, -1, -1, -1, -1, -1, -1],
       device='cuda:0')
2025-03-23 11:22:27,542 - nli_logger_advanced-sbert - WARNING - Skipping batch with invalid labels: tensor([-1, -1, -1, -1, -1, -1, -1, -1, -1, -1, -1, -1, -1, -1, -1, -1],
       device='cuda:0')
2025-03-23 11:22:27,549 - nli_logger_advanced-sbert - WARNING - Skipping batch with invalid labels: tensor([-1, -1, -1, -1, -1, -1, -1, -1, -1, -1, -1, -1, -1, -1, -1, -1],
       device='cuda:0')
2025-03-23 11:22:27,557 - nli_logger_advanced-sbert - WARNING - Skipping batch with invalid labels: tensor([-1, -1, -1, -1, -1, -1, -1, -1, -1, -1, -1, -1, -1, -1, -1, -1],
       device='cuda:0')
2025-03-23 11:22:27,563 - nli_logger_advanced-sbert - WARNING - Skipping batch with invalid labels: tensor([-1, -1, -1, -1, -1, -1, -1, -1, -1, -1, -1, -1, -1, -1, -1, -1],
       device='cuda:0')
2025-03-23 11:22:27,571 - nli_logger_advanced-sbert - WARNING - Skipping batch with invalid labels: tensor([-1, -1, -1, -1, -1, -1, -1, -1, -1, -1, -1, -1, -1, -1, -1, -1],
       device='cuda:0')
2025-03-23 11:22:27,577 - nli_logger_advanced-sbert - WARNING - Skipping batch with invalid labels: tensor([-1, -1, -1, -1, -1, -1, -1, -1, -1, -1, -1, -1, -1, -1, -1, -1],
       device='cuda:0')
2025-03-23 11:22:27,588 - nli_logger_advanced-sbert - WARNING - Skipping batch with invalid labels: tensor([-1, -1, -1, -1, -1, -1, -1, -1, -1, -1, -1, -1, -1, -1, -1, -1],
       device='cuda:0')
2025-03-23 11:22:27,598 - nli_logger_advanced-sbert - WARNING - Skipping batch with invalid labels: tensor([-1, -1, -1, -1, -1, -1, -1, -1, -1, -1, -1, -1, -1, -1, -1, -1],
       device='cuda:0')
2025-03-23 11:22:27,607 - nli_logger_advanced-sbert - WARNING - Skipping batch with invalid labels: tensor([-1, -1, -1, -1, -1, -1, -1, -1, -1, -1, -1, -1, -1, -1, -1, -1],
       device='cuda:0')
Epoch 1/5:  39%|█████████████████████████████████████████████████████████████████████████████████████████████▏                                                                                                                                              | 255/646 [00:02<00:03, 121.27it/s]2025-03-23 11:22:27,619 - nli_logger_advanced-sbert - WARNING - Skipping batch with invalid labels: tensor([-1, -1, -1, -1, -1, -1, -1, -1, -1, -1, -1, -1, -1, -1, -1, -1],
       device='cuda:0')
2025-03-23 11:22:27,633 - nli_logger_advanced-sbert - WARNING - Skipping batch with invalid labels: tensor([-1, -1, -1, -1, -1, -1, -1, -1, -1, -1, -1, -1, -1, -1, -1, -1],
       device='cuda:0')
2025-03-23 11:22:27,647 - nli_logger_advanced-sbert - WARNING - Skipping batch with invalid labels: tensor([-1, -1, -1, -1, -1, -1, -1, -1, -1, -1, -1, -1, -1, -1, -1, -1],
       device='cuda:0')
2025-03-23 11:22:27,660 - nli_logger_advanced-sbert - WARNING - Skipping batch with invalid labels: tensor([-1, -1, -1, -1, -1, -1, -1, -1, -1, -1, -1, -1, -1, -1, -1, -1],
       device='cuda:0')
2025-03-23 11:22:27,674 - nli_logger_advanced-sbert - WARNING - Skipping batch with invalid labels: tensor([-1, -1, -1, -1, -1, -1, -1, -1, -1, -1, -1, -1, -1, -1, -1, -1],
       device='cuda:0')
2025-03-23 11:22:27,686 - nli_logger_advanced-sbert - WARNING - Skipping batch with invalid labels: tensor([-1, -1, -1, -1, -1, -1, -1, -1, -1, -1, -1, -1, -1, -1, -1, -1],
       device='cuda:0')
2025-03-23 11:22:27,694 - nli_logger_advanced-sbert - WARNING - Skipping batch with invalid labels: tensor([-1, -1, -1, -1, -1, -1, -1, -1, -1, -1, -1, -1, -1, -1, -1, -1],
       device='cuda:0')
2025-03-23 11:22:27,704 - nli_logger_advanced-sbert - WARNING - Skipping batch with invalid labels: tensor([-1, -1, -1, -1, -1, -1, -1, -1, -1, -1, -1, -1, -1, -1, -1, -1],
       device='cuda:0')
2025-03-23 11:22:27,712 - nli_logger_advanced-sbert - WARNING - Skipping batch with invalid labels: tensor([-1, -1, -1, -1, -1, -1, -1, -1, -1, -1, -1, -1, -1, -1, -1, -1],
       device='cuda:0')
2025-03-23 11:22:27,719 - nli_logger_advanced-sbert - WARNING - Skipping batch with invalid labels: tensor([-1, -1, -1, -1, -1, -1, -1, -1, -1, -1, -1, -1, -1, -1, -1, -1],
       device='cuda:0')
2025-03-23 11:22:27,727 - nli_logger_advanced-sbert - WARNING - Skipping batch with invalid labels: tensor([-1, -1, -1, -1, -1, -1, -1, -1, -1, -1, -1, -1, -1, -1, -1, -1],
       device='cuda:0')
2025-03-23 11:22:27,735 - nli_logger_advanced-sbert - WARNING - Skipping batch with invalid labels: tensor([-1, -1, -1, -1, -1, -1, -1, -1, -1, -1, -1, -1, -1, -1, -1, -1],
       device='cuda:0')
2025-03-23 11:22:27,743 - nli_logger_advanced-sbert - WARNING - Skipping batch with invalid labels: tensor([-1, -1, -1, -1, -1, -1, -1, -1, -1, -1, -1, -1, -1, -1, -1, -1],
       device='cuda:0')
Epoch 1/5:  41%|█████████████████████████████████████████████████████████████████████████████████████████████████▉                                                                                                                                          | 268/646 [00:02<00:03, 112.42it/s]2025-03-23 11:22:27,751 - nli_logger_advanced-sbert - WARNING - Skipping batch with invalid labels: tensor([-1, -1, -1, -1, -1, -1, -1, -1, -1, -1, -1, -1, -1, -1, -1, -1],
       device='cuda:0')
2025-03-23 11:22:27,758 - nli_logger_advanced-sbert - WARNING - Skipping batch with invalid labels: tensor([-1, -1, -1, -1, -1, -1, -1, -1, -1, -1, -1, -1, -1, -1, -1, -1],
       device='cuda:0')
2025-03-23 11:22:27,766 - nli_logger_advanced-sbert - WARNING - Skipping batch with invalid labels: tensor([-1, -1, -1, -1, -1, -1, -1, -1, -1, -1, -1, -1, -1, -1, -1, -1],
       device='cuda:0')
2025-03-23 11:22:27,774 - nli_logger_advanced-sbert - WARNING - Skipping batch with invalid labels: tensor([-1, -1, -1, -1, -1, -1, -1, -1, -1, -1, -1, -1, -1, -1, -1, -1],
       device='cuda:0')
2025-03-23 11:22:27,782 - nli_logger_advanced-sbert - WARNING - Skipping batch with invalid labels: tensor([-1, -1, -1, -1, -1, -1, -1, -1, -1, -1, -1, -1, -1, -1, -1, -1],
       device='cuda:0')
2025-03-23 11:22:27,791 - nli_logger_advanced-sbert - WARNING - Skipping batch with invalid labels: tensor([-1, -1, -1, -1, -1, -1, -1, -1, -1, -1, -1, -1, -1, -1, -1, -1],
       device='cuda:0')
