=== Starting Model Comparison (20250323_112053) ===
Parameters:
  Base Model: firqaaa/indo-sentence-bert-base
  RoBERTa Model: cahya/roberta-base-indonesian-1.5G
  Epochs: 5
  Batch Size: 16
  Learning Rate: 2e-5
  Seed: 42

=== Running classifier-sbert ===
Command: python indo_sbert_train.py     --base_model firqaaa/indo-sentence-bert-base     --output_dir ./model_comparison_20250323_112053/classifier     --batch_size 16     --num_epochs 5     --learning_rate 2e-5     --max_length 128     --seed 42     --use_new_logger
Start time: Sun Mar 23 11:20:54 AM WIB 2025
classifier-sbert completed successfully at Sun Mar 23 11:21:10 AM WIB 2025

=== Running similarity-sbert ===
Command: python sbert_train.py     --model_name firqaaa/indo-sentence-bert-base     --output_path ./model_comparison_20250323_112053/similarity     --batch_size 16     --num_epochs 5     --learning_rate 2e-5     --max_seq_length 128     --seed 42     --use_new_logger
Start time: Sun Mar 23 11:21:10 AM WIB 2025
similarity-sbert completed successfully at Sun Mar 23 11:21:50 AM WIB 2025

=== Running advanced-sbert ===
Command: python indo_sbert_advanced_train.py     --base_model firqaaa/indo-sentence-bert-base     --output_dir ./model_comparison_20250323_112053/advanced     --batch_size 16     --num_epochs 5     --learning_rate 2e-5     --max_length 128     --seed 42     --use_new_logger
Start time: Sun Mar 23 11:21:50 AM WIB 2025
advanced-sbert failed at Sun Mar 23 11:22:29 AM WIB 2025

=== Running improved-sbert ===
Command: python train_improved_sbert.py     --base_model firqaaa/indo-sentence-bert-base     --pooling_mode mean_pooling     --classifier_hidden_size 256     --dropout 0.2     --use_cross_attention     --output_dir ./model_comparison_20250323_112053/improved     --batch_size 16     --learning_rate 2e-5     --num_epochs 5     --max_seq_length 128     --seed 42     --use_new_logger
Start time: Sun Mar 23 11:22:29 AM WIB 2025
improved-sbert completed successfully at Sun Mar 23 11:22:33 AM WIB 2025

=== Model Comparison Complete ===
End time: Sun Mar 23 11:22:33 AM WIB 2025
No result files found for roberta
No result files found for classifier
No result files found for similarity
No result files found for advanced
No result files found for improved
No model results found
