2025-03-22 16:19:39,791 [INFO] Loading model: firqaaa/indo-sentence-bert-base
2025-03-22 16:19:39,791 [INFO] Use pytorch device_name: cuda
2025-03-22 16:19:39,791 [INFO] Load pretrained SentenceTransformer: firqaaa/indo-sentence-bert-base
2025-03-22 16:20:32,271 [INFO] Setting max sequence length to 128
2025-03-22 16:20:32,272 [INFO] Loading data
2025-03-22 16:20:37,304 [INFO] Loaded 10330 examples from train split
2025-03-22 16:20:41,249 [INFO] Loaded 2197 examples from validation split
2025-03-22 16:20:49,818 [INFO] Loaded 2201 examples from test_lay split
2025-03-22 16:20:53,717 [INFO] Loaded 2984 examples from test_expert split
2025-03-22 16:20:53,813 [INFO] Setting up CosineSimilarityLoss for training
2025-03-22 16:20:53,813 [INFO] Starting training for 3 epochs
2025-03-22 16:20:53,970 [WARNING] Currently using DataParallel (DP) for multi-gpu training, while DistributedDataParallel (DDP) is recommended for faster training. See https://sbert.net/docs/sentence_transformer/training/distributed.html for more information.
2025-03-22 16:30:42,457 [INFO] EmbeddingSimilarityEvaluator: Evaluating the model on the indonli-validation dataset after epoch 1.0:
2025-03-22 16:30:46,094 [INFO] Cosine-Similarity :	Pearson: 0.6033	Spearman: 0.5822
2025-03-22 16:30:46,095 [INFO] Manhattan-Distance:	Pearson: 0.6011	Spearman: 0.5787
2025-03-22 16:30:46,095 [INFO] Euclidean-Distance:	Pearson: 0.6020	Spearman: 0.5796
2025-03-22 16:30:46,095 [INFO] Dot-Product-Similarity:	Pearson: 0.6038	Spearman: 0.5817
2025-03-22 16:30:46,095 [INFO] Save model to ./outputs/indo-sbert-nli
2025-03-22 16:33:38,717 [INFO] EmbeddingSimilarityEvaluator: Evaluating the model on the indonli-validation dataset:
2025-03-22 16:33:42,311 [INFO] Cosine-Similarity :	Pearson: 0.5758	Spearman: 0.5619
2025-03-22 16:33:42,312 [INFO] Manhattan-Distance:	Pearson: 0.5741	Spearman: 0.5637
2025-03-22 16:33:42,312 [INFO] Euclidean-Distance:	Pearson: 0.5760	Spearman: 0.5653
2025-03-22 16:33:42,312 [INFO] Dot-Product-Similarity:	Pearson: 0.5724	Spearman: 0.5616
2025-03-22 16:36:02,553 [INFO] EmbeddingSimilarityEvaluator: Evaluating the model on the indonli-validation dataset after epoch 2.0:
2025-03-22 16:36:05,966 [INFO] Cosine-Similarity :	Pearson: 0.6057	Spearman: 0.5829
2025-03-22 16:36:05,967 [INFO] Manhattan-Distance:	Pearson: 0.6002	Spearman: 0.5803
2025-03-22 16:36:05,968 [INFO] Euclidean-Distance:	Pearson: 0.6010	Spearman: 0.5812
2025-03-22 16:36:05,968 [INFO] Dot-Product-Similarity:	Pearson: 0.6047	Spearman: 0.5840
2025-03-22 16:36:05,968 [INFO] Save model to ./outputs/indo-sbert-nli
2025-03-22 16:41:18,409 [INFO] EmbeddingSimilarityEvaluator: Evaluating the model on the indonli-validation dataset after epoch 3.0:
2025-03-22 16:41:21,870 [INFO] Cosine-Similarity :	Pearson: 0.5890	Spearman: 0.5704
2025-03-22 16:41:21,870 [INFO] Manhattan-Distance:	Pearson: 0.5848	Spearman: 0.5712
2025-03-22 16:41:21,870 [INFO] Euclidean-Distance:	Pearson: 0.5861	Spearman: 0.5727
2025-03-22 16:41:21,870 [INFO] Dot-Product-Similarity:	Pearson: 0.5872	Spearman: 0.5718
2025-03-22 16:41:21,874 [INFO] Evaluating on test_lay split
2025-03-22 16:41:21,875 [INFO] EmbeddingSimilarityEvaluator: Evaluating the model on the indonli-test-lay dataset:
2025-03-22 16:41:25,382 [INFO] Cosine-Similarity :	Pearson: 0.5399	Spearman: 0.5230
2025-03-22 16:41:25,382 [INFO] Manhattan-Distance:	Pearson: 0.5396	Spearman: 0.5278
2025-03-22 16:41:25,382 [INFO] Euclidean-Distance:	Pearson: 0.5393	Spearman: 0.5273
2025-03-22 16:41:25,382 [INFO] Dot-Product-Similarity:	Pearson: 0.5325	Spearman: 0.5173
2025-03-22 16:41:25,383 [INFO] Test Lay Score: {'indonli-test-lay_pearson_cosine': 0.5398597171419756, 'indonli-test-lay_spearman_cosine': 0.5229779607520813, 'indonli-test-lay_pearson_manhattan': 0.5396367212157069, 'indonli-test-lay_spearman_manhattan': 0.5278416025128952, 'indonli-test-lay_pearson_euclidean': 0.5392887903666749, 'indonli-test-lay_spearman_euclidean': 0.5272824347605445, 'indonli-test-lay_pearson_dot': 0.532510969450407, 'indonli-test-lay_spearman_dot': 0.5173256316203483, 'indonli-test-lay_pearson_max': 0.5398597171419756, 'indonli-test-lay_spearman_max': 0.5278416025128952}
2025-03-22 16:41:25,383 [INFO] Evaluating on test_expert split
2025-03-22 16:41:25,384 [INFO] EmbeddingSimilarityEvaluator: Evaluating the model on the indonli-test-expert dataset:
2025-03-22 16:41:30,910 [INFO] Cosine-Similarity :	Pearson: 0.3044	Spearman: 0.2981
2025-03-22 16:41:30,911 [INFO] Manhattan-Distance:	Pearson: 0.2831	Spearman: 0.2933
2025-03-22 16:41:30,911 [INFO] Euclidean-Distance:	Pearson: 0.2835	Spearman: 0.2941
2025-03-22 16:41:30,911 [INFO] Dot-Product-Similarity:	Pearson: 0.3121	Spearman: 0.3064
2025-03-22 16:41:30,911 [INFO] Test Expert Score: {'indonli-test-expert_pearson_cosine': 0.3044016279244661, 'indonli-test-expert_spearman_cosine': 0.2981455745412602, 'indonli-test-expert_pearson_manhattan': 0.28308676052767373, 'indonli-test-expert_spearman_manhattan': 0.2933005191651494, 'indonli-test-expert_pearson_euclidean': 0.28353536008836727, 'indonli-test-expert_spearman_euclidean': 0.2941065447208518, 'indonli-test-expert_pearson_dot': 0.3120585282082845, 'indonli-test-expert_spearman_dot': 0.30643812509132523, 'indonli-test-expert_pearson_max': 0.3120585282082845, 'indonli-test-expert_spearman_max': 0.30643812509132523}
2025-03-22 16:41:30,911 [INFO] EmbeddingSimilarityEvaluator: Evaluating the model on the indonli-validation dataset:
2025-03-22 16:41:34,235 [INFO] Cosine-Similarity :	Pearson: 0.5890	Spearman: 0.5704
2025-03-22 16:41:34,235 [INFO] Manhattan-Distance:	Pearson: 0.5848	Spearman: 0.5712
2025-03-22 16:41:34,235 [INFO] Euclidean-Distance:	Pearson: 0.5861	Spearman: 0.5727
2025-03-22 16:41:34,235 [INFO] Dot-Product-Similarity:	Pearson: 0.5872	Spearman: 0.5718
2025-03-22 16:41:34,236 [INFO] Model saved to ./outputs/indo-sbert-nli
2025-03-22 16:41:45,365 [WARNING] Retrying (Retry(total=2, connect=None, read=None, redirect=None, status=None)) after connection broken by 'OSError('Tunnel connection failed: 407 Proxy Authentication Required')': /api/4504800232407040/envelope/
2025-03-22 16:41:45,394 [WARNING] Retrying (Retry(total=1, connect=None, read=None, redirect=None, status=None)) after connection broken by 'OSError('Tunnel connection failed: 407 Proxy Authentication Required')': /api/4504800232407040/envelope/
2025-03-22 16:41:45,423 [WARNING] Retrying (Retry(total=0, connect=None, read=None, redirect=None, status=None)) after connection broken by 'OSError('Tunnel connection failed: 407 Proxy Authentication Required')': /api/4504800232407040/envelope/
2025-03-22 16:41:45,476 [WARNING] Retrying (Retry(total=2, connect=None, read=None, redirect=None, status=None)) after connection broken by 'OSError('Tunnel connection failed: 407 Proxy Authentication Required')': /api/4504800232407040/envelope/
2025-03-22 16:41:45,480 [WARNING] Retrying (Retry(total=1, connect=None, read=None, redirect=None, status=None)) after connection broken by 'OSError('Tunnel connection failed: 407 Proxy Authentication Required')': /api/4504800232407040/envelope/
2025-03-22 16:41:45,484 [WARNING] Retrying (Retry(total=0, connect=None, read=None, redirect=None, status=None)) after connection broken by 'OSError('Tunnel connection failed: 407 Proxy Authentication Required')': /api/4504800232407040/envelope/
