2025-03-22 22:14:13,008 [INFO] Using device: cuda
2025-03-22 22:14:13,009 [INFO] Loading tokenizer: firqaaa/indo-sentence-bert-base
2025-03-22 22:14:13,505 [INFO] Loading datasets
2025-03-22 22:14:19,046 [INFO] Loaded 10330 examples from train split
2025-03-22 22:14:23,615 [INFO] Loaded 2197 examples from validation split
2025-03-22 22:14:28,531 [INFO] Loaded 2201 examples from test_lay split
2025-03-22 22:14:33,677 [INFO] Loaded 2984 examples from test_expert split
2025-03-22 22:14:33,678 [INFO] Loading model: firqaaa/indo-sentence-bert-base
2025-03-22 22:14:36,101 [INFO] Starting training for 5 epochs
2025-03-22 22:14:36,101 [INFO] Epoch 1/5
2025-03-22 22:16:43,488 [INFO] Training loss: 0.1304
2025-03-22 22:16:53,819 [INFO] Validation loss: 0.1168, accuracy: 0.5908, pearson: 0.5920
2025-03-22 22:16:55,020 [INFO] New best validation pearson: 0.5920
2025-03-22 22:16:55,950 [INFO] Epoch 2/5
2025-03-22 22:19:05,425 [INFO] Training loss: 0.0894
2025-03-22 22:19:15,856 [INFO] Validation loss: 0.1150, accuracy: 0.5762, pearson: 0.5929
2025-03-22 22:19:16,848 [INFO] New best validation pearson: 0.5929
2025-03-22 22:19:18,107 [INFO] Epoch 3/5
2025-03-22 22:21:27,790 [INFO] Training loss: 0.0659
2025-03-22 22:21:38,230 [INFO] Validation loss: 0.1189, accuracy: 0.5894, pearson: 0.5872
2025-03-22 22:21:39,231 [INFO] Epoch 4/5
2025-03-22 22:23:49,062 [INFO] Training loss: 0.0503
2025-03-22 22:23:59,466 [INFO] Validation loss: 0.1211, accuracy: 0.5867, pearson: 0.5805
2025-03-22 22:24:00,544 [INFO] Epoch 5/5
2025-03-22 22:26:10,339 [INFO] Training loss: 0.0407
2025-03-22 22:26:20,804 [INFO] Validation loss: 0.1249, accuracy: 0.5831, pearson: 0.5690
2025-03-22 22:26:21,915 [INFO] Evaluating on test_lay split
2025-03-22 22:26:32,349 [INFO] Test Lay loss: 0.1365, accuracy: 0.5638, pearson: 0.5261
2025-03-22 22:26:32,349 [INFO] Evaluating on test_expert split
2025-03-22 22:26:46,667 [INFO] Test Expert loss: 0.1742, accuracy: 0.4578, pearson: 0.3038
2025-03-22 22:26:46,668 [INFO] Model saved to ./outputs/indo-sbert-similarity
