2025-03-22 21:47:13,913 [INFO] Loading model: firqaaa/indo-sentence-bert-base
2025-03-22 21:47:13,914 [INFO] Use pytorch device_name: cuda
2025-03-22 21:47:13,914 [INFO] Load pretrained SentenceTransformer: firqaaa/indo-sentence-bert-base
2025-03-22 21:47:17,767 [INFO] Setting max sequence length to 256
2025-03-22 21:47:17,767 [INFO] Loading data
2025-03-22 21:47:22,701 [INFO] Loaded 10330 examples from train split
2025-03-22 21:47:27,100 [INFO] Loaded 2197 examples from validation split
2025-03-22 21:47:31,140 [INFO] Loaded 2201 examples from test_lay split
2025-03-22 21:47:36,080 [INFO] Loaded 2984 examples from test_expert split
2025-03-22 21:47:36,227 [INFO] Setting up CosineSimilarityLoss for training
2025-03-22 21:47:36,227 [INFO] Starting training for 3 epochs
2025-03-22 21:47:36,388 [WARNING] Currently using DataParallel (DP) for multi-gpu training, while DistributedDataParallel (DDP) is recommended for faster training. See https://sbert.net/docs/sentence_transformer/training/distributed.html for more information.
2025-03-22 21:50:47,632 [INFO] EmbeddingSimilarityEvaluator: Evaluating the model on the indonli-validation dataset after epoch 1.0:
2025-03-22 21:50:50,980 [INFO] Cosine-Similarity :	Pearson: 0.6000	Spearman: 0.5782
2025-03-22 21:50:50,981 [INFO] Manhattan-Distance:	Pearson: 0.5941	Spearman: 0.5740
2025-03-22 21:50:50,981 [INFO] Euclidean-Distance:	Pearson: 0.5950	Spearman: 0.5753
2025-03-22 21:50:50,981 [INFO] Dot-Product-Similarity:	Pearson: 0.5983	Spearman: 0.5784
2025-03-22 21:50:50,982 [INFO] Save model to ./outputs-indo-sbert-nli
2025-03-22 21:53:39,406 [INFO] EmbeddingSimilarityEvaluator: Evaluating the model on the indonli-validation dataset after epoch 2.0:
2025-03-22 21:53:42,638 [INFO] Cosine-Similarity :	Pearson: 0.5952	Spearman: 0.5726
2025-03-22 21:53:42,638 [INFO] Manhattan-Distance:	Pearson: 0.5877	Spearman: 0.5690
2025-03-22 21:53:42,638 [INFO] Euclidean-Distance:	Pearson: 0.5888	Spearman: 0.5702
2025-03-22 21:53:42,639 [INFO] Dot-Product-Similarity:	Pearson: 0.5917	Spearman: 0.5727
2025-03-22 21:56:30,913 [INFO] EmbeddingSimilarityEvaluator: Evaluating the model on the indonli-validation dataset after epoch 3.0:
2025-03-22 21:56:34,354 [INFO] Cosine-Similarity :	Pearson: 0.5879	Spearman: 0.5694
2025-03-22 21:56:34,355 [INFO] Manhattan-Distance:	Pearson: 0.5842	Spearman: 0.5679
2025-03-22 21:56:34,355 [INFO] Euclidean-Distance:	Pearson: 0.5857	Spearman: 0.5695
2025-03-22 21:56:34,355 [INFO] Dot-Product-Similarity:	Pearson: 0.5850	Spearman: 0.5692
2025-03-22 21:56:34,363 [INFO] Evaluating on test_lay split
2025-03-22 21:56:34,365 [INFO] EmbeddingSimilarityEvaluator: Evaluating the model on the indonli-test-lay dataset:
2025-03-22 21:56:37,771 [INFO] Cosine-Similarity :	Pearson: 0.5398	Spearman: 0.5186
2025-03-22 21:56:37,772 [INFO] Manhattan-Distance:	Pearson: 0.5385	Spearman: 0.5228
2025-03-22 21:56:37,772 [INFO] Euclidean-Distance:	Pearson: 0.5386	Spearman: 0.5229
2025-03-22 21:56:37,772 [INFO] Dot-Product-Similarity:	Pearson: 0.5288	Spearman: 0.5101
2025-03-22 21:56:37,773 [INFO] Test Lay Score: {'indonli-test-lay_pearson_cosine': 0.539795074621882, 'indonli-test-lay_spearman_cosine': 0.5185749131164701, 'indonli-test-lay_pearson_manhattan': 0.538489864848771, 'indonli-test-lay_spearman_manhattan': 0.5227910775173272, 'indonli-test-lay_pearson_euclidean': 0.5385991782254971, 'indonli-test-lay_spearman_euclidean': 0.5229347158658769, 'indonli-test-lay_pearson_dot': 0.5287614271016448, 'indonli-test-lay_spearman_dot': 0.510050624866487, 'indonli-test-lay_pearson_max': 0.539795074621882, 'indonli-test-lay_spearman_max': 0.5229347158658769}
2025-03-22 21:56:37,773 [INFO] Evaluating on test_expert split
2025-03-22 21:56:37,775 [INFO] EmbeddingSimilarityEvaluator: Evaluating the model on the indonli-test-expert dataset:
2025-03-22 21:56:43,260 [INFO] Cosine-Similarity :	Pearson: 0.3036	Spearman: 0.2977
2025-03-22 21:56:43,261 [INFO] Manhattan-Distance:	Pearson: 0.2788	Spearman: 0.2897
2025-03-22 21:56:43,261 [INFO] Euclidean-Distance:	Pearson: 0.2800	Spearman: 0.2905
2025-03-22 21:56:43,261 [INFO] Dot-Product-Similarity:	Pearson: 0.3124	Spearman: 0.3062
2025-03-22 21:56:43,262 [INFO] Test Expert Score: {'indonli-test-expert_pearson_cosine': 0.3035600443226951, 'indonli-test-expert_spearman_cosine': 0.297741396778515, 'indonli-test-expert_pearson_manhattan': 0.27877757671315656, 'indonli-test-expert_spearman_manhattan': 0.2897373261097337, 'indonli-test-expert_pearson_euclidean': 0.27998428661619323, 'indonli-test-expert_spearman_euclidean': 0.2904893779125323, 'indonli-test-expert_pearson_dot': 0.31237333070951717, 'indonli-test-expert_spearman_dot': 0.30620904968391305, 'indonli-test-expert_pearson_max': 0.31237333070951717, 'indonli-test-expert_spearman_max': 0.30620904968391305}
2025-03-22 21:56:43,263 [INFO] EmbeddingSimilarityEvaluator: Evaluating the model on the indonli-validation dataset:
2025-03-22 21:56:46,589 [INFO] Cosine-Similarity :	Pearson: 0.5879	Spearman: 0.5694
2025-03-22 21:56:46,590 [INFO] Manhattan-Distance:	Pearson: 0.5842	Spearman: 0.5679
2025-03-22 21:56:46,590 [INFO] Euclidean-Distance:	Pearson: 0.5857	Spearman: 0.5695
2025-03-22 21:56:46,590 [INFO] Dot-Product-Similarity:	Pearson: 0.5850	Spearman: 0.5692
2025-03-22 21:56:46,591 [INFO] Model saved to ./outputs-indo-sbert-nli
2025-03-22 21:56:58,707 [WARNING] Retrying (Retry(total=2, connect=None, read=None, redirect=None, status=None)) after connection broken by 'OSError('Tunnel connection failed: 407 Proxy Authentication Required')': /api/4504800232407040/envelope/
2025-03-22 21:56:58,712 [WARNING] Retrying (Retry(total=1, connect=None, read=None, redirect=None, status=None)) after connection broken by 'OSError('Tunnel connection failed: 407 Proxy Authentication Required')': /api/4504800232407040/envelope/
2025-03-22 21:56:58,716 [WARNING] Retrying (Retry(total=0, connect=None, read=None, redirect=None, status=None)) after connection broken by 'OSError('Tunnel connection failed: 407 Proxy Authentication Required')': /api/4504800232407040/envelope/
2025-03-22 21:56:58,724 [WARNING] Retrying (Retry(total=2, connect=None, read=None, redirect=None, status=None)) after connection broken by 'OSError('Tunnel connection failed: 407 Proxy Authentication Required')': /api/4504800232407040/envelope/
2025-03-22 21:56:58,728 [WARNING] Retrying (Retry(total=1, connect=None, read=None, redirect=None, status=None)) after connection broken by 'OSError('Tunnel connection failed: 407 Proxy Authentication Required')': /api/4504800232407040/envelope/
2025-03-22 21:56:58,757 [WARNING] Retrying (Retry(total=0, connect=None, read=None, redirect=None, status=None)) after connection broken by 'OSError('Tunnel connection failed: 407 Proxy Authentication Required')': /api/4504800232407040/envelope/
